
CPPTRAJ: Trajectory Analysis. V4.14.0 (AmberTools V19.11) MPI
    ___  ___  ___  ___
     | \/ | \/ | \/ | 
    _|_/\_|_/\_|_/\_|_

| Running on 8 processes.
| Date/time: 10/20/21 19:51:05
| Available memory: 166.278 GB

INPUT: Reading input from '1us_noion/cpp_c0c1.in'
  [parm ../3k0n_w7f_dry_noion.prmtop]
	Reading '../3k0n_w7f_dry_noion.prmtop' as Amber Topology
	Radius Set: modified Bondi radii (mbondi)
  [trajin 06_prod_dry.nc 1 last 10]
	Reading '06_prod_dry.nc' as Amber NetCDF
  [trajin 07_prod_dry.nc 1 last 10]
	Reading '07_prod_dry.nc' as Amber NetCDF
  [trajin 08_prod_dry.nc 1 last 10]
	Reading '08_prod_dry.nc' as Amber NetCDF
  [reference 3k0n_w7f_solv.pdb :* [REF]]
	Reading '3k0n_w7f_solv.pdb' as PDB
	Read CRYST1 info from PDB: a=69.2 b=69.2 c=69.2 alpha=109.47 beta=109.47 gamma=109.47
Warning: Low precision truncated octahedron angles detected (109.47 vs 109.471).
Warning:   If desired, the 'box' command can be used during processing
Warning:   to set higher-precision angles.
Warning: PDB line length is short (67 chars, expected 80).
Warning: PDB 3k0n_w7f_solv.pdb: Reading frame 9, got 2133 atoms, expected 2503.
Warning: Only using frames 1-8
Warning: Reference has 8 frames, only reading frame 1
	Read CRYST1 info from PDB: a=69.2 b=69.2 c=69.2 alpha=109.47 beta=109.47 gamma=109.47
	Stripped ref parm: 2503 atoms, 165 res, box: Trunc. Oct., 1 mol
	Setting active reference for distance-based masks: '3k0n_w7f_solv.pdb'
  [multidihedral dihtype chi1:N:CA:CB:CG dihtype chi2:CA:CB:CG:CD1 resrange 121-121 out 1us_noion/dihedral_chi1_2_trp121.dat]
    MULTIDIHEDRAL: Calculating chi1 chi2 dihedrals for residues in range 121-121
	Output to dihedral_chi1_2_trp121.dat
	Output range is -180 to 180 degrees.
  [run]
---------- RUN BEGIN -------------------------------------------------

PARAMETER FILES (1 total):
 0: 3k0n_w7f_dry_noion.prmtop, 2503 atoms, 165 res, box: Trunc. Oct., 1 mol

INPUT TRAJECTORIES (3 total):
 0: '06_prod_dry.nc' is a NetCDF AMBER trajectory with coordinates, time, box, Parm 3k0n_w7f_dry_noion.prmtop (Trunc. Oct. box) (reading 20000 of 200000)
 1: '07_prod_dry.nc' is a NetCDF AMBER trajectory with coordinates, time, box, Parm 3k0n_w7f_dry_noion.prmtop (Trunc. Oct. box) (reading 40000 of 400000)
 2: '08_prod_dry.nc' is a NetCDF AMBER trajectory with coordinates, time, box, Parm 3k0n_w7f_dry_noion.prmtop (Trunc. Oct. box) (reading 40000 of 400000)
  Coordinate processing will occur on 100000 frames.

REFERENCE FRAMES (1 total):
    0: [REF]:1
	Active reference frame for distance-based masks is '[REF]:1'

PARALLEL INFO:
  Process 0 will handle 12500 frames.
  Process 1 will handle 12500 frames.
  Process 2 will handle 12500 frames.
  Process 3 will handle 12500 frames.
  Process 4 will handle 12500 frames.
  Process 5 will handle 12500 frames.
  Process 6 will handle 12500 frames.
  Process 7 will handle 12500 frames.
.....................................................
ACTION SETUP FOR PARM '3k0n_w7f_dry_noion.prmtop' (1 actions):
  0: [multidihedral dihtype chi1:N:CA:CB:CG dihtype chi2:CA:CB:CG:CD1 resrange 121-121 out 1us_noion/dihedral_chi1_2_trp121.dat]
	ResRange=[121-121] chi1 chi2, 2 dihedrals.

BEGIN PARALLEL TRAJECTORY PROCESSING:
 0% 10% 20% 30% 40% 50% 60% 70% 80% 90% 100% Complete.
TIME: Rank 0 throughput= 9.5072 frames / second.
TIME: Rank 1 throughput= 15.0767 frames / second.
TIME: Rank 2 throughput= 212.3879 frames / second.
TIME: Rank 3 throughput= 212.4043 frames / second.
TIME: Rank 4 throughput= 204.3196 frames / second.
TIME: Rank 5 throughput= 234.8707 frames / second.
TIME: Rank 6 throughput= 217.8566 frames / second.
TIME: Rank 7 throughput= 225.1928 frames / second.
TIME: Avg. throughput= 76.0579 frames / second.

ACTION OUTPUT:
Warning: Analysis does not currently use multiple MPI processes.
TIME: Analyses took 0.0000 seconds.

DATASETS (2 total):
	MDIH_00002[chi1]:121 "chi1:121" (double, torsion), size is 100000 (800.000 kB)
	MDIH_00002[chi2]:121 "chi2:121" (double, torsion), size is 100000 (800.000 kB)
    Total data set memory usage is at least 1.600 MB

DATAFILES (1 total):
  dihedral_chi1_2_trp121.dat (Standard Data File):  chi1:121 chi2:121

RUN TIMING:
TIME:		Init               : 0.0006 s (  0.00%)
TIME:		Trajectory Process : 1314.7884 s ( 99.98%)
TIME:		Data Set Sync      : 0.0016 s (  0.00%)
TIME:		Action Post        : 0.0000 s (  0.00%)
TIME:		Analysis           : 0.0000 s (  0.00%)
TIME:		Data File Write    : 0.2499 s (  0.02%)
TIME:		Other              : 0.0002 s (  0.00%)
TIME:	Run Total 1315.0407 s
---------- RUN END ---------------------------------------------------
TIME: Total execution time: 1357.6899 seconds.
--------------------------------------------------------------------------------
To cite CPPTRAJ use:
Daniel R. Roe and Thomas E. Cheatham, III, "PTRAJ and CPPTRAJ: Software for
  Processing and Analysis of Molecular Dynamics Trajectory Data". J. Chem.
  Theory Comput., 2013, 9 (7), pp 3084-3095.
Daniel R. Roe and Thomas E. Cheatham, III, "Parallelization of CPPTRAJ enables
  large scale analysis of molecular dynamics trajectory data". J. Comp.
  Chem., 2018, DOI: 10.1002/jcc25382.

