log started: Tue Apr 27 18:07:20 2021

Log file: ./leap.log
>> #
>> # ----- leaprc for loading the ff15ipq force field, developmental version
>> # ----- NOTE: this is designed for PDB format 3!
>> #       Version 10.3, solvated:
>> #         Charges fit with H sigma=1.3 and SPC/Eb, backbone charges held equal
>> #        
>> #         vdw (LJEDITs removed, H sigma=1.3, ARG side chain TH sigma=1.5)
>> #         torsions generation 6 (0 ff14ipq, ALAPROALA,
>> #                                1 dipeptides,
>> #                                2 XXXGLY & GLYXXX tripeptides,
>> #                                3 XXXPRO & PROXXX tripeptides)
>> #                                4 charged tripeptides)
>> #                                5 more charged tripeptides and termini
>> #                                6 angle peptides and more termini)
>> #         Parm cleaned up extensively
>> #         Torsion phases restored to 0 and 180 degrees
>> #         Backbone CNA, HNA, NAC, ACN, and ACO angles fit
>> #         Additional assorted updates to bonded parameters and types
>> #         The SPC/Eb water model was used to derive partial charges
>> #           for this force field
>> #
>> #	load atom type hybridizations
>> #
>> addAtomTypes {
>> 	{ "H"   "H"  "sp3" }
>> 	{ "HO"  "H"  "sp3" }
>> 	{ "HS"  "H"  "sp3" }
>> 	{ "H1"  "H"  "sp3" }
>> 	{ "H2"  "H"  "sp3" }
>> 	{ "H3"  "H"  "sp3" }
>> 	{ "H4"  "H"  "sp3" }
>> 	{ "H5"  "H"  "sp3" }
>> 	{ "HW"  "H"  "sp3" }
>> 	{ "HC"  "H"  "sp3" }
>> 	{ "HA"  "H"  "sp3" }
>> 	{ "HP"  "H"  "sp3" }
>> 	{ "HZ"  "H"  "sp3" }
>> 	{ "TH"  "H"  "sp3" }
>> 	{ "OH"  "O"  "sp3" }
>> 	{ "OS"  "O"  "sp3" }
>> 	{ "O"   "O"  "sp2" }
>> 	{ "OD"  "O"  "sp2" }
>> 	{ "O2"  "O"  "sp2" }
>> 	{ "O3"  "O"  "sp2" }
>> 	{ "OP"  "O"  "sp2" }
>> 	{ "OW"  "O"  "sp3" }
>> 	{ "OA"  "O"  "sp3" }
>> 	{ "CT"  "C"  "sp3" }
>> 	{ "CX"  "C"  "sp3" }
>> 	{ "TJ"  "C"  "sp3" }
>> 	{ "TG"  "C"  "sp3" }
>> 	{ "TM"  "C"  "sp3" }
>> 	{ "TP"  "C"  "sp3" }
>> 	{ "C8"  "C"  "sp3" }
>> 	{ "2C"  "C"  "sp3" }
>> 	{ "3C"  "C"  "sp3" }
>> 	{ "TA"  "C"  "sp3" }
>> 	{ "CH"  "C"  "sp3" }
>> 	{ "CS"  "C"  "sp2" }
>> 	{ "C"   "C"  "sp2" }
>> 	{ "CO"  "C"  "sp2" }
>> 	{ "C*"  "C"  "sp2" }
>> 	{ "CA"  "C"  "sp2" }
>> 	{ "CB"  "C"  "sp2" }
>> 	{ "CC"  "C"  "sp2" }
>> 	{ "CN"  "C"  "sp2" }
>> 	{ "CM"  "C"  "sp2" }
>> 	{ "CK"  "C"  "sp2" }
>> 	{ "CQ"  "C"  "sp2" }
>> 	{ "CD"  "C"  "sp2" }
>> 	{ "C5"  "C"  "sp2" }
>> 	{ "C4"  "C"  "sp2" }
>> 	{ "CP"  "C"  "sp2" }
>> 	{ "CI"  "C"  "sp3" }
>> 	{ "CJ"  "C"  "sp2" }
>> 	{ "CW"  "C"  "sp2" }
>> 	{ "CV"  "C"  "sp2" }
>> 	{ "CR"  "C"  "sp2" }
>> 	{ "CA"  "C"  "sp2" }
>> 	{ "CY"  "C"  "sp2" }
>> 	{ "C0"  "Ca" "sp3" }
>> 	{ "MG"  "Mg" "sp3" }
>> 	{ "N"   "N"  "sp2" }
>> 	{ "NA"  "N"  "sp2" }
>> 	{ "N2"  "N"  "sp2" }
>> 	{ "N*"  "N"  "sp2" }
>> 	{ "NP"  "N"  "sp2" }
>> 	{ "NQ"  "N"  "sp2" }
>> 	{ "NB"  "N"  "sp2" }
>> 	{ "NC"  "N"  "sp2" }
>> 	{ "TN"  "N"  "sp2" }
>> 	{ "NT"  "N"  "sp3" }
>> 	{ "NY"  "N"  "sp2" }
>> 	{ "N3"  "N"  "sp3" }
>> 	{ "NL"  "N"  "sp3" }
>> 	{ "ND"  "N"  "sp3" }
>> 	{ "S"   "S"  "sp3" }
>> 	{ "SH"  "S"  "sp3" }
>> 	{ "P"   "P"  "sp3" }
>> 	{ "LP"  ""   "sp3" }
>> 	{ "EP"  ""   "sp3" }
>> 	{ "F"   "F"  "sp3" }
>> 	{ "Cl"  "Cl" "sp3" }
>> 	{ "Br"  "Br" "sp3" }
>> 	{ "I"   "I"  "sp3" }
>> }
>> #
>> #	Load the main parameter set.
>> #
>> parm15ipq = loadamberparams parm15ipq_10.3.dat
Loading parameters: /Users/darian/anaconda3/envs/md/dat/leap/parm/parm15ipq_10.3.dat
Reading title:
Parm15 developmental parameter set
(UNKNOWN ATOM TYPE: CZ)
(UNKNOWN ATOM TYPE: CU)
(UNKNOWN ATOM TYPE: FE)
(UNKNOWN ATOM TYPE: Zn)
(UNKNOWN ATOM TYPE: EP)
>> #
>> #	Load main chain and terminating amino acid libraries, nucleic acids
>> #
>> loadOff amino15ipq_10.0.lib
Loading library: /Users/darian/anaconda3/envs/md/dat/leap/lib/amino15ipq_10.0.lib
Loading: ALA
Loading: ARG
Loading: ASH
Loading: ASN
Loading: ASP
Loading: CYM
Loading: CYS
Loading: CYX
Loading: GLH
Loading: GLN
Loading: GLU
Loading: GLY
Loading: HID
Loading: HIE
Loading: HIP
Loading: ILE
Loading: LEU
Loading: LYN
Loading: LYS
Loading: MET
Loading: MTB
Loading: NLE
Loading: PHE
Loading: PRO
Loading: SER
Loading: THR
Loading: TRP
Loading: TYR
Loading: VAL
>> loadOff aminoct15ipq_10.0.lib
Loading library: /Users/darian/anaconda3/envs/md/dat/leap/lib/aminoct15ipq_10.0.lib
Loading: CALA
Loading: CARG
Loading: CASH
Loading: CASN
Loading: CASP
Loading: CCYM
Loading: CCYS
Loading: CCYX
Loading: CGLH
Loading: CGLN
Loading: CGLU
Loading: CGLY
Loading: CHID
Loading: CHIE
Loading: CHIP
Loading: CILE
Loading: CLEU
Loading: CLYN
Loading: CLYS
Loading: CMET
Loading: CNLE
Loading: CPHE
Loading: CPRO
Loading: CSER
Loading: CTHR
Loading: CTRP
Loading: CTYR
Loading: CVAL
Loading: NHE
Loading: NME
>> loadOff aminont15ipq_10.0.lib
Loading library: /Users/darian/anaconda3/envs/md/dat/leap/lib/aminont15ipq_10.0.lib
Loading: ACE
Loading: NALA
Loading: NARG
Loading: NASH
Loading: NASN
Loading: NASP
Loading: NCYM
Loading: NCYS
Loading: NCYX
Loading: NGLH
Loading: NGLN
Loading: NGLU
Loading: NGLY
Loading: NHID
Loading: NHIE
Loading: NHIP
Loading: NILE
Loading: NLEU
Loading: NLYS
Loading: NMET
Loading: NNLE
Loading: NPHE
Loading: NPRO
Loading: NSER
Loading: NTHR
Loading: NTRP
Loading: NTYR
Loading: NVAL
>> 
>> #
>> #	Define the PDB name map for the amino acids 
>> #
>> addPdbResMap {
>>   { 0 "ALA" "NALA" } { 1 "ALA" "CALA" }
>>   { 0 "ARG" "NARG" } { 1 "ARG" "CARG" }
>>   { 0 "ASH" "NASH" } { 1 "ASH" "CASH" }
>>   { 0 "ASN" "NASN" } { 1 "ASN" "CASN" }
>>   { 0 "ASP" "NASP" } { 1 "ASP" "CASP" }
>>   { 0 "CYM" "NCYM" } { 1 "CYM" "CCYM" }
>>   { 0 "CYS" "NCYS" } { 1 "CYS" "CCYS" }
>>   { 0 "CYX" "NCYX" } { 1 "CYX" "CCYX" }
>>   { 0 "GLH" "NGLH" } { 1 "GLH" "CGLH" }
>>   { 0 "GLN" "NGLN" } { 1 "GLN" "CGLN" }
>>   { 0 "GLU" "NGLU" } { 1 "GLU" "CGLU" }
>>   { 0 "GLY" "NGLY" } { 1 "GLY" "CGLY" }
>>   { 0 "HID" "NHID" } { 1 "HID" "CHID" }
>>   { 0 "HIE" "NHIE" } { 1 "HIE" "CHIE" }
>>   { 0 "HIP" "NHIP" } { 1 "HIP" "CHIP" }
>>   { 0 "ILE" "NILE" } { 1 "ILE" "CILE" }
>>   { 0 "LEU" "NLEU" } { 1 "LEU" "CLEU" }
>>                      { 1 "LYN" "CLYN" }
>>   { 0 "LYS" "NLYS" } { 1 "LYS" "CLYS" }
>>   { 0 "MET" "NMET" } { 1 "MET" "CMET" }
>>   { 0 "NLE" "NNLE" } { 1 "NLE" "CNLE" }
>>   { 0 "PHE" "NPHE" } { 1 "PHE" "CPHE" }
>>   { 0 "PRO" "NPRO" } { 1 "PRO" "CPRO" }
>>   { 0 "SER" "NSER" } { 1 "SER" "CSER" }
>>   { 0 "THR" "NTHR" } { 1 "THR" "CTHR" }
>>   { 0 "TRP" "NTRP" } { 1 "TRP" "CTRP" }
>>   { 0 "TYR" "NTYR" } { 1 "TYR" "CTYR" }
>>   { 0 "VAL" "NVAL" } { 1 "VAL" "CVAL" }
>>   { 0 "HIS" "NHIS" } { 1 "HIS" "CHIS" }
>> 
>> }
>> 
>> #
>> # assume that most often proteins use HIE
>> #
>> NHIS = NHIE
>> HIS = HIE
>> CHIS = CHIE
> 
> loadoff ../19F_FF15IPQ_AM1-BCC.lib
Loading library: ../19F_FF15IPQ_AM1-BCC.lib
Loading: F4F
Loading: FTF
Loading: W4F
Loading: W5F
Loading: W6F
Loading: W7F
Loading: Y3F
Loading: YDF
> loadAmberParams ../19F_FF15IPQ_V00.frcmod
Loading parameters: ../19F_FF15IPQ_V00.frcmod
Reading force field modification type file (frcmod)
Reading title:
FRCMOD Parameters for 8 19F residues: 4F/5F/6F/7F-Trp, 3F-Tyr, Di-F-Tyr, 4F-Phe, Tri-F-Phe
> W4F = sequence { W4F }
Sequence: W4F
> check W4F
Checking 'W4F'....
Checking parameters for unit 'W4F'.
Checking for bond parameters.
Checking for angle parameters.
Unit is OK.
> saveAmberParm W4F W4F_AM1-BCC.top W4F_AM1-BCC.crd
Checking Unit.
Building topology.
Building atom parameters.
Building bond parameters.
Building angle parameters.
Building proper torsion parameters.
Building improper torsion parameters.
 ** Warning: No sp2 improper torsion term for  C*-CN-CB-CA
        atoms are: CG CE2 CD2 CE3
 ** Warning: No sp2 improper torsion term for  NA-CA-CN-CB
        atoms are: NE1 CZ2 CE2 CD2
 total 7 improper torsions applied
Building H-Bond parameters.
Incorporating Non-Bonded adjustments.
Not Marking per-residue atom chain types.
Marking per-residue atom chain types.
 (no restraints)
> #savepdb W4F W4F_AM1-BCC.pdb
> quit
	Quit

Exiting LEaP: Errors = 0; Warnings = 0; Notes = 0.
log started: Tue Apr 27 18:07:51 2021

Log file: ./leap.log
>> #
>> # ----- leaprc for loading the ff15ipq force field, developmental version
>> # ----- NOTE: this is designed for PDB format 3!
>> #       Version 10.3, solvated:
>> #         Charges fit with H sigma=1.3 and SPC/Eb, backbone charges held equal
>> #        
>> #         vdw (LJEDITs removed, H sigma=1.3, ARG side chain TH sigma=1.5)
>> #         torsions generation 6 (0 ff14ipq, ALAPROALA,
>> #                                1 dipeptides,
>> #                                2 XXXGLY & GLYXXX tripeptides,
>> #                                3 XXXPRO & PROXXX tripeptides)
>> #                                4 charged tripeptides)
>> #                                5 more charged tripeptides and termini
>> #                                6 angle peptides and more termini)
>> #         Parm cleaned up extensively
>> #         Torsion phases restored to 0 and 180 degrees
>> #         Backbone CNA, HNA, NAC, ACN, and ACO angles fit
>> #         Additional assorted updates to bonded parameters and types
>> #         The SPC/Eb water model was used to derive partial charges
>> #           for this force field
>> #
>> #	load atom type hybridizations
>> #
>> addAtomTypes {
>> 	{ "H"   "H"  "sp3" }
>> 	{ "HO"  "H"  "sp3" }
>> 	{ "HS"  "H"  "sp3" }
>> 	{ "H1"  "H"  "sp3" }
>> 	{ "H2"  "H"  "sp3" }
>> 	{ "H3"  "H"  "sp3" }
>> 	{ "H4"  "H"  "sp3" }
>> 	{ "H5"  "H"  "sp3" }
>> 	{ "HW"  "H"  "sp3" }
>> 	{ "HC"  "H"  "sp3" }
>> 	{ "HA"  "H"  "sp3" }
>> 	{ "HP"  "H"  "sp3" }
>> 	{ "HZ"  "H"  "sp3" }
>> 	{ "TH"  "H"  "sp3" }
>> 	{ "OH"  "O"  "sp3" }
>> 	{ "OS"  "O"  "sp3" }
>> 	{ "O"   "O"  "sp2" }
>> 	{ "OD"  "O"  "sp2" }
>> 	{ "O2"  "O"  "sp2" }
>> 	{ "O3"  "O"  "sp2" }
>> 	{ "OP"  "O"  "sp2" }
>> 	{ "OW"  "O"  "sp3" }
>> 	{ "OA"  "O"  "sp3" }
>> 	{ "CT"  "C"  "sp3" }
>> 	{ "CX"  "C"  "sp3" }
>> 	{ "TJ"  "C"  "sp3" }
>> 	{ "TG"  "C"  "sp3" }
>> 	{ "TM"  "C"  "sp3" }
>> 	{ "TP"  "C"  "sp3" }
>> 	{ "C8"  "C"  "sp3" }
>> 	{ "2C"  "C"  "sp3" }
>> 	{ "3C"  "C"  "sp3" }
>> 	{ "TA"  "C"  "sp3" }
>> 	{ "CH"  "C"  "sp3" }
>> 	{ "CS"  "C"  "sp2" }
>> 	{ "C"   "C"  "sp2" }
>> 	{ "CO"  "C"  "sp2" }
>> 	{ "C*"  "C"  "sp2" }
>> 	{ "CA"  "C"  "sp2" }
>> 	{ "CB"  "C"  "sp2" }
>> 	{ "CC"  "C"  "sp2" }
>> 	{ "CN"  "C"  "sp2" }
>> 	{ "CM"  "C"  "sp2" }
>> 	{ "CK"  "C"  "sp2" }
>> 	{ "CQ"  "C"  "sp2" }
>> 	{ "CD"  "C"  "sp2" }
>> 	{ "C5"  "C"  "sp2" }
>> 	{ "C4"  "C"  "sp2" }
>> 	{ "CP"  "C"  "sp2" }
>> 	{ "CI"  "C"  "sp3" }
>> 	{ "CJ"  "C"  "sp2" }
>> 	{ "CW"  "C"  "sp2" }
>> 	{ "CV"  "C"  "sp2" }
>> 	{ "CR"  "C"  "sp2" }
>> 	{ "CA"  "C"  "sp2" }
>> 	{ "CY"  "C"  "sp2" }
>> 	{ "C0"  "Ca" "sp3" }
>> 	{ "MG"  "Mg" "sp3" }
>> 	{ "N"   "N"  "sp2" }
>> 	{ "NA"  "N"  "sp2" }
>> 	{ "N2"  "N"  "sp2" }
>> 	{ "N*"  "N"  "sp2" }
>> 	{ "NP"  "N"  "sp2" }
>> 	{ "NQ"  "N"  "sp2" }
>> 	{ "NB"  "N"  "sp2" }
>> 	{ "NC"  "N"  "sp2" }
>> 	{ "TN"  "N"  "sp2" }
>> 	{ "NT"  "N"  "sp3" }
>> 	{ "NY"  "N"  "sp2" }
>> 	{ "N3"  "N"  "sp3" }
>> 	{ "NL"  "N"  "sp3" }
>> 	{ "ND"  "N"  "sp3" }
>> 	{ "S"   "S"  "sp3" }
>> 	{ "SH"  "S"  "sp3" }
>> 	{ "P"   "P"  "sp3" }
>> 	{ "LP"  ""   "sp3" }
>> 	{ "EP"  ""   "sp3" }
>> 	{ "F"   "F"  "sp3" }
>> 	{ "Cl"  "Cl" "sp3" }
>> 	{ "Br"  "Br" "sp3" }
>> 	{ "I"   "I"  "sp3" }
>> }
>> #
>> #	Load the main parameter set.
>> #
>> parm15ipq = loadamberparams parm15ipq_10.3.dat
Loading parameters: /Users/darian/anaconda3/envs/md/dat/leap/parm/parm15ipq_10.3.dat
Reading title:
Parm15 developmental parameter set
(UNKNOWN ATOM TYPE: CZ)
(UNKNOWN ATOM TYPE: CU)
(UNKNOWN ATOM TYPE: FE)
(UNKNOWN ATOM TYPE: Zn)
(UNKNOWN ATOM TYPE: EP)
>> #
>> #	Load main chain and terminating amino acid libraries, nucleic acids
>> #
>> loadOff amino15ipq_10.0.lib
Loading library: /Users/darian/anaconda3/envs/md/dat/leap/lib/amino15ipq_10.0.lib
Loading: ALA
Loading: ARG
Loading: ASH
Loading: ASN
Loading: ASP
Loading: CYM
Loading: CYS
Loading: CYX
Loading: GLH
Loading: GLN
Loading: GLU
Loading: GLY
Loading: HID
Loading: HIE
Loading: HIP
Loading: ILE
Loading: LEU
Loading: LYN
Loading: LYS
Loading: MET
Loading: MTB
Loading: NLE
Loading: PHE
Loading: PRO
Loading: SER
Loading: THR
Loading: TRP
Loading: TYR
Loading: VAL
>> loadOff aminoct15ipq_10.0.lib
Loading library: /Users/darian/anaconda3/envs/md/dat/leap/lib/aminoct15ipq_10.0.lib
Loading: CALA
Loading: CARG
Loading: CASH
Loading: CASN
Loading: CASP
Loading: CCYM
Loading: CCYS
Loading: CCYX
Loading: CGLH
Loading: CGLN
Loading: CGLU
Loading: CGLY
Loading: CHID
Loading: CHIE
Loading: CHIP
Loading: CILE
Loading: CLEU
Loading: CLYN
Loading: CLYS
Loading: CMET
Loading: CNLE
Loading: CPHE
Loading: CPRO
Loading: CSER
Loading: CTHR
Loading: CTRP
Loading: CTYR
Loading: CVAL
Loading: NHE
Loading: NME
>> loadOff aminont15ipq_10.0.lib
Loading library: /Users/darian/anaconda3/envs/md/dat/leap/lib/aminont15ipq_10.0.lib
Loading: ACE
Loading: NALA
Loading: NARG
Loading: NASH
Loading: NASN
Loading: NASP
Loading: NCYM
Loading: NCYS
Loading: NCYX
Loading: NGLH
Loading: NGLN
Loading: NGLU
Loading: NGLY
Loading: NHID
Loading: NHIE
Loading: NHIP
Loading: NILE
Loading: NLEU
Loading: NLYS
Loading: NMET
Loading: NNLE
Loading: NPHE
Loading: NPRO
Loading: NSER
Loading: NTHR
Loading: NTRP
Loading: NTYR
Loading: NVAL
>> 
>> #
>> #	Define the PDB name map for the amino acids 
>> #
>> addPdbResMap {
>>   { 0 "ALA" "NALA" } { 1 "ALA" "CALA" }
>>   { 0 "ARG" "NARG" } { 1 "ARG" "CARG" }
>>   { 0 "ASH" "NASH" } { 1 "ASH" "CASH" }
>>   { 0 "ASN" "NASN" } { 1 "ASN" "CASN" }
>>   { 0 "ASP" "NASP" } { 1 "ASP" "CASP" }
>>   { 0 "CYM" "NCYM" } { 1 "CYM" "CCYM" }
>>   { 0 "CYS" "NCYS" } { 1 "CYS" "CCYS" }
>>   { 0 "CYX" "NCYX" } { 1 "CYX" "CCYX" }
>>   { 0 "GLH" "NGLH" } { 1 "GLH" "CGLH" }
>>   { 0 "GLN" "NGLN" } { 1 "GLN" "CGLN" }
>>   { 0 "GLU" "NGLU" } { 1 "GLU" "CGLU" }
>>   { 0 "GLY" "NGLY" } { 1 "GLY" "CGLY" }
>>   { 0 "HID" "NHID" } { 1 "HID" "CHID" }
>>   { 0 "HIE" "NHIE" } { 1 "HIE" "CHIE" }
>>   { 0 "HIP" "NHIP" } { 1 "HIP" "CHIP" }
>>   { 0 "ILE" "NILE" } { 1 "ILE" "CILE" }
>>   { 0 "LEU" "NLEU" } { 1 "LEU" "CLEU" }
>>                      { 1 "LYN" "CLYN" }
>>   { 0 "LYS" "NLYS" } { 1 "LYS" "CLYS" }
>>   { 0 "MET" "NMET" } { 1 "MET" "CMET" }
>>   { 0 "NLE" "NNLE" } { 1 "NLE" "CNLE" }
>>   { 0 "PHE" "NPHE" } { 1 "PHE" "CPHE" }
>>   { 0 "PRO" "NPRO" } { 1 "PRO" "CPRO" }
>>   { 0 "SER" "NSER" } { 1 "SER" "CSER" }
>>   { 0 "THR" "NTHR" } { 1 "THR" "CTHR" }
>>   { 0 "TRP" "NTRP" } { 1 "TRP" "CTRP" }
>>   { 0 "TYR" "NTYR" } { 1 "TYR" "CTYR" }
>>   { 0 "VAL" "NVAL" } { 1 "VAL" "CVAL" }
>>   { 0 "HIS" "NHIS" } { 1 "HIS" "CHIS" }
>> 
>> }
>> 
>> #
>> # assume that most often proteins use HIE
>> #
>> NHIS = NHIE
>> HIS = HIE
>> CHIS = CHIE
> 
> loadoff ../19F_FF15IPQ_V00.lib
Loading library: ../19F_FF15IPQ_V00.lib
Loading: F4F
Loading: FTF
Loading: W4F
Loading: W5F
Loading: W6F
Loading: W7F
Loading: Y3F
Loading: YDF
> loadAmberParams ../19F_FF15IPQ_V00.frcmod
Loading parameters: ../19F_FF15IPQ_V00.frcmod
Reading force field modification type file (frcmod)
Reading title:
FRCMOD Parameters for 8 19F residues: 4F/5F/6F/7F-Trp, 3F-Tyr, Di-F-Tyr, 4F-Phe, Tri-F-Phe
> W4F = sequence { W4F }
Sequence: W4F
> check W4F
Checking 'W4F'....
Checking parameters for unit 'W4F'.
Checking for bond parameters.
Checking for angle parameters.
Unit is OK.
> saveAmberParm W4F W4F_V00.top W4F_V00.crd
Checking Unit.
Building topology.
Building atom parameters.
Building bond parameters.
Building angle parameters.
Building proper torsion parameters.
Building improper torsion parameters.
 ** Warning: No sp2 improper torsion term for  C*-CN-CB-CA
        atoms are: CG CE2 CD2 CE3
 ** Warning: No sp2 improper torsion term for  NA-CA-CN-CB
        atoms are: NE1 CZ2 CE2 CD2
 total 7 improper torsions applied
Building H-Bond parameters.
Incorporating Non-Bonded adjustments.
Not Marking per-residue atom chain types.
Marking per-residue atom chain types.
 (no restraints)
> #savepdb W4F W4F_V00.pdb
> quit
	Quit

Exiting LEaP: Errors = 0; Warnings = 0; Notes = 0.
log started: Tue Apr 27 18:07:55 2021

Log file: ./leap.log
>> #
>> # ----- leaprc for loading the ff15ipq force field, developmental version
>> # ----- NOTE: this is designed for PDB format 3!
>> #       Version 10.3, solvated:
>> #         Charges fit with H sigma=1.3 and SPC/Eb, backbone charges held equal
>> #        
>> #         vdw (LJEDITs removed, H sigma=1.3, ARG side chain TH sigma=1.5)
>> #         torsions generation 6 (0 ff14ipq, ALAPROALA,
>> #                                1 dipeptides,
>> #                                2 XXXGLY & GLYXXX tripeptides,
>> #                                3 XXXPRO & PROXXX tripeptides)
>> #                                4 charged tripeptides)
>> #                                5 more charged tripeptides and termini
>> #                                6 angle peptides and more termini)
>> #         Parm cleaned up extensively
>> #         Torsion phases restored to 0 and 180 degrees
>> #         Backbone CNA, HNA, NAC, ACN, and ACO angles fit
>> #         Additional assorted updates to bonded parameters and types
>> #         The SPC/Eb water model was used to derive partial charges
>> #           for this force field
>> #
>> #	load atom type hybridizations
>> #
>> addAtomTypes {
>> 	{ "H"   "H"  "sp3" }
>> 	{ "HO"  "H"  "sp3" }
>> 	{ "HS"  "H"  "sp3" }
>> 	{ "H1"  "H"  "sp3" }
>> 	{ "H2"  "H"  "sp3" }
>> 	{ "H3"  "H"  "sp3" }
>> 	{ "H4"  "H"  "sp3" }
>> 	{ "H5"  "H"  "sp3" }
>> 	{ "HW"  "H"  "sp3" }
>> 	{ "HC"  "H"  "sp3" }
>> 	{ "HA"  "H"  "sp3" }
>> 	{ "HP"  "H"  "sp3" }
>> 	{ "HZ"  "H"  "sp3" }
>> 	{ "TH"  "H"  "sp3" }
>> 	{ "OH"  "O"  "sp3" }
>> 	{ "OS"  "O"  "sp3" }
>> 	{ "O"   "O"  "sp2" }
>> 	{ "OD"  "O"  "sp2" }
>> 	{ "O2"  "O"  "sp2" }
>> 	{ "O3"  "O"  "sp2" }
>> 	{ "OP"  "O"  "sp2" }
>> 	{ "OW"  "O"  "sp3" }
>> 	{ "OA"  "O"  "sp3" }
>> 	{ "CT"  "C"  "sp3" }
>> 	{ "CX"  "C"  "sp3" }
>> 	{ "TJ"  "C"  "sp3" }
>> 	{ "TG"  "C"  "sp3" }
>> 	{ "TM"  "C"  "sp3" }
>> 	{ "TP"  "C"  "sp3" }
>> 	{ "C8"  "C"  "sp3" }
>> 	{ "2C"  "C"  "sp3" }
>> 	{ "3C"  "C"  "sp3" }
>> 	{ "TA"  "C"  "sp3" }
>> 	{ "CH"  "C"  "sp3" }
>> 	{ "CS"  "C"  "sp2" }
>> 	{ "C"   "C"  "sp2" }
>> 	{ "CO"  "C"  "sp2" }
>> 	{ "C*"  "C"  "sp2" }
>> 	{ "CA"  "C"  "sp2" }
>> 	{ "CB"  "C"  "sp2" }
>> 	{ "CC"  "C"  "sp2" }
>> 	{ "CN"  "C"  "sp2" }
>> 	{ "CM"  "C"  "sp2" }
>> 	{ "CK"  "C"  "sp2" }
>> 	{ "CQ"  "C"  "sp2" }
>> 	{ "CD"  "C"  "sp2" }
>> 	{ "C5"  "C"  "sp2" }
>> 	{ "C4"  "C"  "sp2" }
>> 	{ "CP"  "C"  "sp2" }
>> 	{ "CI"  "C"  "sp3" }
>> 	{ "CJ"  "C"  "sp2" }
>> 	{ "CW"  "C"  "sp2" }
>> 	{ "CV"  "C"  "sp2" }
>> 	{ "CR"  "C"  "sp2" }
>> 	{ "CA"  "C"  "sp2" }
>> 	{ "CY"  "C"  "sp2" }
>> 	{ "C0"  "Ca" "sp3" }
>> 	{ "MG"  "Mg" "sp3" }
>> 	{ "N"   "N"  "sp2" }
>> 	{ "NA"  "N"  "sp2" }
>> 	{ "N2"  "N"  "sp2" }
>> 	{ "N*"  "N"  "sp2" }
>> 	{ "NP"  "N"  "sp2" }
>> 	{ "NQ"  "N"  "sp2" }
>> 	{ "NB"  "N"  "sp2" }
>> 	{ "NC"  "N"  "sp2" }
>> 	{ "TN"  "N"  "sp2" }
>> 	{ "NT"  "N"  "sp3" }
>> 	{ "NY"  "N"  "sp2" }
>> 	{ "N3"  "N"  "sp3" }
>> 	{ "NL"  "N"  "sp3" }
>> 	{ "ND"  "N"  "sp3" }
>> 	{ "S"   "S"  "sp3" }
>> 	{ "SH"  "S"  "sp3" }
>> 	{ "P"   "P"  "sp3" }
>> 	{ "LP"  ""   "sp3" }
>> 	{ "EP"  ""   "sp3" }
>> 	{ "F"   "F"  "sp3" }
>> 	{ "Cl"  "Cl" "sp3" }
>> 	{ "Br"  "Br" "sp3" }
>> 	{ "I"   "I"  "sp3" }
>> }
>> #
>> #	Load the main parameter set.
>> #
>> parm15ipq = loadamberparams parm15ipq_10.3.dat
Loading parameters: /Users/darian/anaconda3/envs/md/dat/leap/parm/parm15ipq_10.3.dat
Reading title:
Parm15 developmental parameter set
(UNKNOWN ATOM TYPE: CZ)
(UNKNOWN ATOM TYPE: CU)
(UNKNOWN ATOM TYPE: FE)
(UNKNOWN ATOM TYPE: Zn)
(UNKNOWN ATOM TYPE: EP)
>> #
>> #	Load main chain and terminating amino acid libraries, nucleic acids
>> #
>> loadOff amino15ipq_10.0.lib
Loading library: /Users/darian/anaconda3/envs/md/dat/leap/lib/amino15ipq_10.0.lib
Loading: ALA
Loading: ARG
Loading: ASH
Loading: ASN
Loading: ASP
Loading: CYM
Loading: CYS
Loading: CYX
Loading: GLH
Loading: GLN
Loading: GLU
Loading: GLY
Loading: HID
Loading: HIE
Loading: HIP
Loading: ILE
Loading: LEU
Loading: LYN
Loading: LYS
Loading: MET
Loading: MTB
Loading: NLE
Loading: PHE
Loading: PRO
Loading: SER
Loading: THR
Loading: TRP
Loading: TYR
Loading: VAL
>> loadOff aminoct15ipq_10.0.lib
Loading library: /Users/darian/anaconda3/envs/md/dat/leap/lib/aminoct15ipq_10.0.lib
Loading: CALA
Loading: CARG
Loading: CASH
Loading: CASN
Loading: CASP
Loading: CCYM
Loading: CCYS
Loading: CCYX
Loading: CGLH
Loading: CGLN
Loading: CGLU
Loading: CGLY
Loading: CHID
Loading: CHIE
Loading: CHIP
Loading: CILE
Loading: CLEU
Loading: CLYN
Loading: CLYS
Loading: CMET
Loading: CNLE
Loading: CPHE
Loading: CPRO
Loading: CSER
Loading: CTHR
Loading: CTRP
Loading: CTYR
Loading: CVAL
Loading: NHE
Loading: NME
>> loadOff aminont15ipq_10.0.lib
Loading library: /Users/darian/anaconda3/envs/md/dat/leap/lib/aminont15ipq_10.0.lib
Loading: ACE
Loading: NALA
Loading: NARG
Loading: NASH
Loading: NASN
Loading: NASP
Loading: NCYM
Loading: NCYS
Loading: NCYX
Loading: NGLH
Loading: NGLN
Loading: NGLU
Loading: NGLY
Loading: NHID
Loading: NHIE
Loading: NHIP
Loading: NILE
Loading: NLEU
Loading: NLYS
Loading: NMET
Loading: NNLE
Loading: NPHE
Loading: NPRO
Loading: NSER
Loading: NTHR
Loading: NTRP
Loading: NTYR
Loading: NVAL
>> 
>> #
>> #	Define the PDB name map for the amino acids 
>> #
>> addPdbResMap {
>>   { 0 "ALA" "NALA" } { 1 "ALA" "CALA" }
>>   { 0 "ARG" "NARG" } { 1 "ARG" "CARG" }
>>   { 0 "ASH" "NASH" } { 1 "ASH" "CASH" }
>>   { 0 "ASN" "NASN" } { 1 "ASN" "CASN" }
>>   { 0 "ASP" "NASP" } { 1 "ASP" "CASP" }
>>   { 0 "CYM" "NCYM" } { 1 "CYM" "CCYM" }
>>   { 0 "CYS" "NCYS" } { 1 "CYS" "CCYS" }
>>   { 0 "CYX" "NCYX" } { 1 "CYX" "CCYX" }
>>   { 0 "GLH" "NGLH" } { 1 "GLH" "CGLH" }
>>   { 0 "GLN" "NGLN" } { 1 "GLN" "CGLN" }
>>   { 0 "GLU" "NGLU" } { 1 "GLU" "CGLU" }
>>   { 0 "GLY" "NGLY" } { 1 "GLY" "CGLY" }
>>   { 0 "HID" "NHID" } { 1 "HID" "CHID" }
>>   { 0 "HIE" "NHIE" } { 1 "HIE" "CHIE" }
>>   { 0 "HIP" "NHIP" } { 1 "HIP" "CHIP" }
>>   { 0 "ILE" "NILE" } { 1 "ILE" "CILE" }
>>   { 0 "LEU" "NLEU" } { 1 "LEU" "CLEU" }
>>                      { 1 "LYN" "CLYN" }
>>   { 0 "LYS" "NLYS" } { 1 "LYS" "CLYS" }
>>   { 0 "MET" "NMET" } { 1 "MET" "CMET" }
>>   { 0 "NLE" "NNLE" } { 1 "NLE" "CNLE" }
>>   { 0 "PHE" "NPHE" } { 1 "PHE" "CPHE" }
>>   { 0 "PRO" "NPRO" } { 1 "PRO" "CPRO" }
>>   { 0 "SER" "NSER" } { 1 "SER" "CSER" }
>>   { 0 "THR" "NTHR" } { 1 "THR" "CTHR" }
>>   { 0 "TRP" "NTRP" } { 1 "TRP" "CTRP" }
>>   { 0 "TYR" "NTYR" } { 1 "TYR" "CTYR" }
>>   { 0 "VAL" "NVAL" } { 1 "VAL" "CVAL" }
>>   { 0 "HIS" "NHIS" } { 1 "HIS" "CHIS" }
>> 
>> }
>> 
>> #
>> # assume that most often proteins use HIE
>> #
>> NHIS = NHIE
>> HIS = HIE
>> CHIS = CHIE
> 
> loadoff ../19F_FF15IPQ_V01.lib
Loading library: ../19F_FF15IPQ_V01.lib
Loading: F4F
Loading: FTF
Loading: W4F
Loading: W5F
Loading: W6F
Loading: W7F
Loading: Y3F
Loading: YDF
> loadAmberParams ../19F_FF15IPQ_V00.frcmod
Loading parameters: ../19F_FF15IPQ_V00.frcmod
Reading force field modification type file (frcmod)
Reading title:
FRCMOD Parameters for 8 19F residues: 4F/5F/6F/7F-Trp, 3F-Tyr, Di-F-Tyr, 4F-Phe, Tri-F-Phe
> W4F = sequence { W4F }
Sequence: W4F
> check W4F
Checking 'W4F'....
Checking parameters for unit 'W4F'.
Checking for bond parameters.
Checking for angle parameters.
Unit is OK.
> saveAmberParm W4F W4F_V01.top W4F_V01.crd
Checking Unit.
Building topology.
Building atom parameters.
Building bond parameters.
Building angle parameters.
Building proper torsion parameters.
Building improper torsion parameters.
 ** Warning: No sp2 improper torsion term for  C*-CN-CB-CA
        atoms are: CG CE2 CD2 CE3
 ** Warning: No sp2 improper torsion term for  NA-CA-CN-CB
        atoms are: NE1 CZ2 CE2 CD2
 total 7 improper torsions applied
Building H-Bond parameters.
Incorporating Non-Bonded adjustments.
Not Marking per-residue atom chain types.
Marking per-residue atom chain types.
 (no restraints)
> #savepdb W4F W4F_V01.pdb
> quit
	Quit

Exiting LEaP: Errors = 0; Warnings = 0; Notes = 0.
log started: Tue Apr 27 18:07:56 2021

Log file: ./leap.log
>> #
>> # ----- leaprc for loading the ff15ipq force field, developmental version
>> # ----- NOTE: this is designed for PDB format 3!
>> #       Version 10.3, solvated:
>> #         Charges fit with H sigma=1.3 and SPC/Eb, backbone charges held equal
>> #        
>> #         vdw (LJEDITs removed, H sigma=1.3, ARG side chain TH sigma=1.5)
>> #         torsions generation 6 (0 ff14ipq, ALAPROALA,
>> #                                1 dipeptides,
>> #                                2 XXXGLY & GLYXXX tripeptides,
>> #                                3 XXXPRO & PROXXX tripeptides)
>> #                                4 charged tripeptides)
>> #                                5 more charged tripeptides and termini
>> #                                6 angle peptides and more termini)
>> #         Parm cleaned up extensively
>> #         Torsion phases restored to 0 and 180 degrees
>> #         Backbone CNA, HNA, NAC, ACN, and ACO angles fit
>> #         Additional assorted updates to bonded parameters and types
>> #         The SPC/Eb water model was used to derive partial charges
>> #           for this force field
>> #
>> #	load atom type hybridizations
>> #
>> addAtomTypes {
>> 	{ "H"   "H"  "sp3" }
>> 	{ "HO"  "H"  "sp3" }
>> 	{ "HS"  "H"  "sp3" }
>> 	{ "H1"  "H"  "sp3" }
>> 	{ "H2"  "H"  "sp3" }
>> 	{ "H3"  "H"  "sp3" }
>> 	{ "H4"  "H"  "sp3" }
>> 	{ "H5"  "H"  "sp3" }
>> 	{ "HW"  "H"  "sp3" }
>> 	{ "HC"  "H"  "sp3" }
>> 	{ "HA"  "H"  "sp3" }
>> 	{ "HP"  "H"  "sp3" }
>> 	{ "HZ"  "H"  "sp3" }
>> 	{ "TH"  "H"  "sp3" }
>> 	{ "OH"  "O"  "sp3" }
>> 	{ "OS"  "O"  "sp3" }
>> 	{ "O"   "O"  "sp2" }
>> 	{ "OD"  "O"  "sp2" }
>> 	{ "O2"  "O"  "sp2" }
>> 	{ "O3"  "O"  "sp2" }
>> 	{ "OP"  "O"  "sp2" }
>> 	{ "OW"  "O"  "sp3" }
>> 	{ "OA"  "O"  "sp3" }
>> 	{ "CT"  "C"  "sp3" }
>> 	{ "CX"  "C"  "sp3" }
>> 	{ "TJ"  "C"  "sp3" }
>> 	{ "TG"  "C"  "sp3" }
>> 	{ "TM"  "C"  "sp3" }
>> 	{ "TP"  "C"  "sp3" }
>> 	{ "C8"  "C"  "sp3" }
>> 	{ "2C"  "C"  "sp3" }
>> 	{ "3C"  "C"  "sp3" }
>> 	{ "TA"  "C"  "sp3" }
>> 	{ "CH"  "C"  "sp3" }
>> 	{ "CS"  "C"  "sp2" }
>> 	{ "C"   "C"  "sp2" }
>> 	{ "CO"  "C"  "sp2" }
>> 	{ "C*"  "C"  "sp2" }
>> 	{ "CA"  "C"  "sp2" }
>> 	{ "CB"  "C"  "sp2" }
>> 	{ "CC"  "C"  "sp2" }
>> 	{ "CN"  "C"  "sp2" }
>> 	{ "CM"  "C"  "sp2" }
>> 	{ "CK"  "C"  "sp2" }
>> 	{ "CQ"  "C"  "sp2" }
>> 	{ "CD"  "C"  "sp2" }
>> 	{ "C5"  "C"  "sp2" }
>> 	{ "C4"  "C"  "sp2" }
>> 	{ "CP"  "C"  "sp2" }
>> 	{ "CI"  "C"  "sp3" }
>> 	{ "CJ"  "C"  "sp2" }
>> 	{ "CW"  "C"  "sp2" }
>> 	{ "CV"  "C"  "sp2" }
>> 	{ "CR"  "C"  "sp2" }
>> 	{ "CA"  "C"  "sp2" }
>> 	{ "CY"  "C"  "sp2" }
>> 	{ "C0"  "Ca" "sp3" }
>> 	{ "MG"  "Mg" "sp3" }
>> 	{ "N"   "N"  "sp2" }
>> 	{ "NA"  "N"  "sp2" }
>> 	{ "N2"  "N"  "sp2" }
>> 	{ "N*"  "N"  "sp2" }
>> 	{ "NP"  "N"  "sp2" }
>> 	{ "NQ"  "N"  "sp2" }
>> 	{ "NB"  "N"  "sp2" }
>> 	{ "NC"  "N"  "sp2" }
>> 	{ "TN"  "N"  "sp2" }
>> 	{ "NT"  "N"  "sp3" }
>> 	{ "NY"  "N"  "sp2" }
>> 	{ "N3"  "N"  "sp3" }
>> 	{ "NL"  "N"  "sp3" }
>> 	{ "ND"  "N"  "sp3" }
>> 	{ "S"   "S"  "sp3" }
>> 	{ "SH"  "S"  "sp3" }
>> 	{ "P"   "P"  "sp3" }
>> 	{ "LP"  ""   "sp3" }
>> 	{ "EP"  ""   "sp3" }
>> 	{ "F"   "F"  "sp3" }
>> 	{ "Cl"  "Cl" "sp3" }
>> 	{ "Br"  "Br" "sp3" }
>> 	{ "I"   "I"  "sp3" }
>> }
>> #
>> #	Load the main parameter set.
>> #
>> parm15ipq = loadamberparams parm15ipq_10.3.dat
Loading parameters: /Users/darian/anaconda3/envs/md/dat/leap/parm/parm15ipq_10.3.dat
Reading title:
Parm15 developmental parameter set
(UNKNOWN ATOM TYPE: CZ)
(UNKNOWN ATOM TYPE: CU)
(UNKNOWN ATOM TYPE: FE)
(UNKNOWN ATOM TYPE: Zn)
(UNKNOWN ATOM TYPE: EP)
>> #
>> #	Load main chain and terminating amino acid libraries, nucleic acids
>> #
>> loadOff amino15ipq_10.0.lib
Loading library: /Users/darian/anaconda3/envs/md/dat/leap/lib/amino15ipq_10.0.lib
Loading: ALA
Loading: ARG
Loading: ASH
Loading: ASN
Loading: ASP
Loading: CYM
Loading: CYS
Loading: CYX
Loading: GLH
Loading: GLN
Loading: GLU
Loading: GLY
Loading: HID
Loading: HIE
Loading: HIP
Loading: ILE
Loading: LEU
Loading: LYN
Loading: LYS
Loading: MET
Loading: MTB
Loading: NLE
Loading: PHE
Loading: PRO
Loading: SER
Loading: THR
Loading: TRP
Loading: TYR
Loading: VAL
>> loadOff aminoct15ipq_10.0.lib
Loading library: /Users/darian/anaconda3/envs/md/dat/leap/lib/aminoct15ipq_10.0.lib
Loading: CALA
Loading: CARG
Loading: CASH
Loading: CASN
Loading: CASP
Loading: CCYM
Loading: CCYS
Loading: CCYX
Loading: CGLH
Loading: CGLN
Loading: CGLU
Loading: CGLY
Loading: CHID
Loading: CHIE
Loading: CHIP
Loading: CILE
Loading: CLEU
Loading: CLYN
Loading: CLYS
Loading: CMET
Loading: CNLE
Loading: CPHE
Loading: CPRO
Loading: CSER
Loading: CTHR
Loading: CTRP
Loading: CTYR
Loading: CVAL
Loading: NHE
Loading: NME
>> loadOff aminont15ipq_10.0.lib
Loading library: /Users/darian/anaconda3/envs/md/dat/leap/lib/aminont15ipq_10.0.lib
Loading: ACE
Loading: NALA
Loading: NARG
Loading: NASH
Loading: NASN
Loading: NASP
Loading: NCYM
Loading: NCYS
Loading: NCYX
Loading: NGLH
Loading: NGLN
Loading: NGLU
Loading: NGLY
Loading: NHID
Loading: NHIE
Loading: NHIP
Loading: NILE
Loading: NLEU
Loading: NLYS
Loading: NMET
Loading: NNLE
Loading: NPHE
Loading: NPRO
Loading: NSER
Loading: NTHR
Loading: NTRP
Loading: NTYR
Loading: NVAL
>> 
>> #
>> #	Define the PDB name map for the amino acids 
>> #
>> addPdbResMap {
>>   { 0 "ALA" "NALA" } { 1 "ALA" "CALA" }
>>   { 0 "ARG" "NARG" } { 1 "ARG" "CARG" }
>>   { 0 "ASH" "NASH" } { 1 "ASH" "CASH" }
>>   { 0 "ASN" "NASN" } { 1 "ASN" "CASN" }
>>   { 0 "ASP" "NASP" } { 1 "ASP" "CASP" }
>>   { 0 "CYM" "NCYM" } { 1 "CYM" "CCYM" }
>>   { 0 "CYS" "NCYS" } { 1 "CYS" "CCYS" }
>>   { 0 "CYX" "NCYX" } { 1 "CYX" "CCYX" }
>>   { 0 "GLH" "NGLH" } { 1 "GLH" "CGLH" }
>>   { 0 "GLN" "NGLN" } { 1 "GLN" "CGLN" }
>>   { 0 "GLU" "NGLU" } { 1 "GLU" "CGLU" }
>>   { 0 "GLY" "NGLY" } { 1 "GLY" "CGLY" }
>>   { 0 "HID" "NHID" } { 1 "HID" "CHID" }
>>   { 0 "HIE" "NHIE" } { 1 "HIE" "CHIE" }
>>   { 0 "HIP" "NHIP" } { 1 "HIP" "CHIP" }
>>   { 0 "ILE" "NILE" } { 1 "ILE" "CILE" }
>>   { 0 "LEU" "NLEU" } { 1 "LEU" "CLEU" }
>>                      { 1 "LYN" "CLYN" }
>>   { 0 "LYS" "NLYS" } { 1 "LYS" "CLYS" }
>>   { 0 "MET" "NMET" } { 1 "MET" "CMET" }
>>   { 0 "NLE" "NNLE" } { 1 "NLE" "CNLE" }
>>   { 0 "PHE" "NPHE" } { 1 "PHE" "CPHE" }
>>   { 0 "PRO" "NPRO" } { 1 "PRO" "CPRO" }
>>   { 0 "SER" "NSER" } { 1 "SER" "CSER" }
>>   { 0 "THR" "NTHR" } { 1 "THR" "CTHR" }
>>   { 0 "TRP" "NTRP" } { 1 "TRP" "CTRP" }
>>   { 0 "TYR" "NTYR" } { 1 "TYR" "CTYR" }
>>   { 0 "VAL" "NVAL" } { 1 "VAL" "CVAL" }
>>   { 0 "HIS" "NHIS" } { 1 "HIS" "CHIS" }
>> 
>> }
>> 
>> #
>> # assume that most often proteins use HIE
>> #
>> NHIS = NHIE
>> HIS = HIE
>> CHIS = CHIE
> 
> loadoff ../19F_FF15IPQ_V02.lib
Loading library: ../19F_FF15IPQ_V02.lib
Loading: F4F
Loading: FTF
Loading: W4F
Loading: W5F
Loading: W6F
Loading: W7F
Loading: Y3F
Loading: YDF
> loadAmberParams ../19F_FF15IPQ_V00.frcmod
Loading parameters: ../19F_FF15IPQ_V00.frcmod
Reading force field modification type file (frcmod)
Reading title:
FRCMOD Parameters for 8 19F residues: 4F/5F/6F/7F-Trp, 3F-Tyr, Di-F-Tyr, 4F-Phe, Tri-F-Phe
> W4F = sequence { W4F }
Sequence: W4F
> check W4F
Checking 'W4F'....
Checking parameters for unit 'W4F'.
Checking for bond parameters.
Checking for angle parameters.
Unit is OK.
> saveAmberParm W4F W4F_V02.top W4F_V02.crd
Checking Unit.
Building topology.
Building atom parameters.
Building bond parameters.
Building angle parameters.
Building proper torsion parameters.
Building improper torsion parameters.
 ** Warning: No sp2 improper torsion term for  C*-CN-CB-CA
        atoms are: CG CE2 CD2 CE3
 ** Warning: No sp2 improper torsion term for  NA-CA-CN-CB
        atoms are: NE1 CZ2 CE2 CD2
 total 7 improper torsions applied
Building H-Bond parameters.
Incorporating Non-Bonded adjustments.
Not Marking per-residue atom chain types.
Marking per-residue atom chain types.
 (no restraints)
> #savepdb W4F W4F_V02.pdb
> quit
	Quit

Exiting LEaP: Errors = 0; Warnings = 0; Notes = 0.
log started: Tue Apr 27 18:07:59 2021

Log file: ./leap.log
>> #
>> # ----- leaprc for loading the ff15ipq force field, developmental version
>> # ----- NOTE: this is designed for PDB format 3!
>> #       Version 10.3, solvated:
>> #         Charges fit with H sigma=1.3 and SPC/Eb, backbone charges held equal
>> #        
>> #         vdw (LJEDITs removed, H sigma=1.3, ARG side chain TH sigma=1.5)
>> #         torsions generation 6 (0 ff14ipq, ALAPROALA,
>> #                                1 dipeptides,
>> #                                2 XXXGLY & GLYXXX tripeptides,
>> #                                3 XXXPRO & PROXXX tripeptides)
>> #                                4 charged tripeptides)
>> #                                5 more charged tripeptides and termini
>> #                                6 angle peptides and more termini)
>> #         Parm cleaned up extensively
>> #         Torsion phases restored to 0 and 180 degrees
>> #         Backbone CNA, HNA, NAC, ACN, and ACO angles fit
>> #         Additional assorted updates to bonded parameters and types
>> #         The SPC/Eb water model was used to derive partial charges
>> #           for this force field
>> #
>> #	load atom type hybridizations
>> #
>> addAtomTypes {
>> 	{ "H"   "H"  "sp3" }
>> 	{ "HO"  "H"  "sp3" }
>> 	{ "HS"  "H"  "sp3" }
>> 	{ "H1"  "H"  "sp3" }
>> 	{ "H2"  "H"  "sp3" }
>> 	{ "H3"  "H"  "sp3" }
>> 	{ "H4"  "H"  "sp3" }
>> 	{ "H5"  "H"  "sp3" }
>> 	{ "HW"  "H"  "sp3" }
>> 	{ "HC"  "H"  "sp3" }
>> 	{ "HA"  "H"  "sp3" }
>> 	{ "HP"  "H"  "sp3" }
>> 	{ "HZ"  "H"  "sp3" }
>> 	{ "TH"  "H"  "sp3" }
>> 	{ "OH"  "O"  "sp3" }
>> 	{ "OS"  "O"  "sp3" }
>> 	{ "O"   "O"  "sp2" }
>> 	{ "OD"  "O"  "sp2" }
>> 	{ "O2"  "O"  "sp2" }
>> 	{ "O3"  "O"  "sp2" }
>> 	{ "OP"  "O"  "sp2" }
>> 	{ "OW"  "O"  "sp3" }
>> 	{ "OA"  "O"  "sp3" }
>> 	{ "CT"  "C"  "sp3" }
>> 	{ "CX"  "C"  "sp3" }
>> 	{ "TJ"  "C"  "sp3" }
>> 	{ "TG"  "C"  "sp3" }
>> 	{ "TM"  "C"  "sp3" }
>> 	{ "TP"  "C"  "sp3" }
>> 	{ "C8"  "C"  "sp3" }
>> 	{ "2C"  "C"  "sp3" }
>> 	{ "3C"  "C"  "sp3" }
>> 	{ "TA"  "C"  "sp3" }
>> 	{ "CH"  "C"  "sp3" }
>> 	{ "CS"  "C"  "sp2" }
>> 	{ "C"   "C"  "sp2" }
>> 	{ "CO"  "C"  "sp2" }
>> 	{ "C*"  "C"  "sp2" }
>> 	{ "CA"  "C"  "sp2" }
>> 	{ "CB"  "C"  "sp2" }
>> 	{ "CC"  "C"  "sp2" }
>> 	{ "CN"  "C"  "sp2" }
>> 	{ "CM"  "C"  "sp2" }
>> 	{ "CK"  "C"  "sp2" }
>> 	{ "CQ"  "C"  "sp2" }
>> 	{ "CD"  "C"  "sp2" }
>> 	{ "C5"  "C"  "sp2" }
>> 	{ "C4"  "C"  "sp2" }
>> 	{ "CP"  "C"  "sp2" }
>> 	{ "CI"  "C"  "sp3" }
>> 	{ "CJ"  "C"  "sp2" }
>> 	{ "CW"  "C"  "sp2" }
>> 	{ "CV"  "C"  "sp2" }
>> 	{ "CR"  "C"  "sp2" }
>> 	{ "CA"  "C"  "sp2" }
>> 	{ "CY"  "C"  "sp2" }
>> 	{ "C0"  "Ca" "sp3" }
>> 	{ "MG"  "Mg" "sp3" }
>> 	{ "N"   "N"  "sp2" }
>> 	{ "NA"  "N"  "sp2" }
>> 	{ "N2"  "N"  "sp2" }
>> 	{ "N*"  "N"  "sp2" }
>> 	{ "NP"  "N"  "sp2" }
>> 	{ "NQ"  "N"  "sp2" }
>> 	{ "NB"  "N"  "sp2" }
>> 	{ "NC"  "N"  "sp2" }
>> 	{ "TN"  "N"  "sp2" }
>> 	{ "NT"  "N"  "sp3" }
>> 	{ "NY"  "N"  "sp2" }
>> 	{ "N3"  "N"  "sp3" }
>> 	{ "NL"  "N"  "sp3" }
>> 	{ "ND"  "N"  "sp3" }
>> 	{ "S"   "S"  "sp3" }
>> 	{ "SH"  "S"  "sp3" }
>> 	{ "P"   "P"  "sp3" }
>> 	{ "LP"  ""   "sp3" }
>> 	{ "EP"  ""   "sp3" }
>> 	{ "F"   "F"  "sp3" }
>> 	{ "Cl"  "Cl" "sp3" }
>> 	{ "Br"  "Br" "sp3" }
>> 	{ "I"   "I"  "sp3" }
>> }
>> #
>> #	Load the main parameter set.
>> #
>> parm15ipq = loadamberparams parm15ipq_10.3.dat
Loading parameters: /Users/darian/anaconda3/envs/md/dat/leap/parm/parm15ipq_10.3.dat
Reading title:
Parm15 developmental parameter set
(UNKNOWN ATOM TYPE: CZ)
(UNKNOWN ATOM TYPE: CU)
(UNKNOWN ATOM TYPE: FE)
(UNKNOWN ATOM TYPE: Zn)
(UNKNOWN ATOM TYPE: EP)
>> #
>> #	Load main chain and terminating amino acid libraries, nucleic acids
>> #
>> loadOff amino15ipq_10.0.lib
Loading library: /Users/darian/anaconda3/envs/md/dat/leap/lib/amino15ipq_10.0.lib
Loading: ALA
Loading: ARG
Loading: ASH
Loading: ASN
Loading: ASP
Loading: CYM
Loading: CYS
Loading: CYX
Loading: GLH
Loading: GLN
Loading: GLU
Loading: GLY
Loading: HID
Loading: HIE
Loading: HIP
Loading: ILE
Loading: LEU
Loading: LYN
Loading: LYS
Loading: MET
Loading: MTB
Loading: NLE
Loading: PHE
Loading: PRO
Loading: SER
Loading: THR
Loading: TRP
Loading: TYR
Loading: VAL
>> loadOff aminoct15ipq_10.0.lib
Loading library: /Users/darian/anaconda3/envs/md/dat/leap/lib/aminoct15ipq_10.0.lib
Loading: CALA
Loading: CARG
Loading: CASH
Loading: CASN
Loading: CASP
Loading: CCYM
Loading: CCYS
Loading: CCYX
Loading: CGLH
Loading: CGLN
Loading: CGLU
Loading: CGLY
Loading: CHID
Loading: CHIE
Loading: CHIP
Loading: CILE
Loading: CLEU
Loading: CLYN
Loading: CLYS
Loading: CMET
Loading: CNLE
Loading: CPHE
Loading: CPRO
Loading: CSER
Loading: CTHR
Loading: CTRP
Loading: CTYR
Loading: CVAL
Loading: NHE
Loading: NME
>> loadOff aminont15ipq_10.0.lib
Loading library: /Users/darian/anaconda3/envs/md/dat/leap/lib/aminont15ipq_10.0.lib
Loading: ACE
Loading: NALA
Loading: NARG
Loading: NASH
Loading: NASN
Loading: NASP
Loading: NCYM
Loading: NCYS
Loading: NCYX
Loading: NGLH
Loading: NGLN
Loading: NGLU
Loading: NGLY
Loading: NHID
Loading: NHIE
Loading: NHIP
Loading: NILE
Loading: NLEU
Loading: NLYS
Loading: NMET
Loading: NNLE
Loading: NPHE
Loading: NPRO
Loading: NSER
Loading: NTHR
Loading: NTRP
Loading: NTYR
Loading: NVAL
>> 
>> #
>> #	Define the PDB name map for the amino acids 
>> #
>> addPdbResMap {
>>   { 0 "ALA" "NALA" } { 1 "ALA" "CALA" }
>>   { 0 "ARG" "NARG" } { 1 "ARG" "CARG" }
>>   { 0 "ASH" "NASH" } { 1 "ASH" "CASH" }
>>   { 0 "ASN" "NASN" } { 1 "ASN" "CASN" }
>>   { 0 "ASP" "NASP" } { 1 "ASP" "CASP" }
>>   { 0 "CYM" "NCYM" } { 1 "CYM" "CCYM" }
>>   { 0 "CYS" "NCYS" } { 1 "CYS" "CCYS" }
>>   { 0 "CYX" "NCYX" } { 1 "CYX" "CCYX" }
>>   { 0 "GLH" "NGLH" } { 1 "GLH" "CGLH" }
>>   { 0 "GLN" "NGLN" } { 1 "GLN" "CGLN" }
>>   { 0 "GLU" "NGLU" } { 1 "GLU" "CGLU" }
>>   { 0 "GLY" "NGLY" } { 1 "GLY" "CGLY" }
>>   { 0 "HID" "NHID" } { 1 "HID" "CHID" }
>>   { 0 "HIE" "NHIE" } { 1 "HIE" "CHIE" }
>>   { 0 "HIP" "NHIP" } { 1 "HIP" "CHIP" }
>>   { 0 "ILE" "NILE" } { 1 "ILE" "CILE" }
>>   { 0 "LEU" "NLEU" } { 1 "LEU" "CLEU" }
>>                      { 1 "LYN" "CLYN" }
>>   { 0 "LYS" "NLYS" } { 1 "LYS" "CLYS" }
>>   { 0 "MET" "NMET" } { 1 "MET" "CMET" }
>>   { 0 "NLE" "NNLE" } { 1 "NLE" "CNLE" }
>>   { 0 "PHE" "NPHE" } { 1 "PHE" "CPHE" }
>>   { 0 "PRO" "NPRO" } { 1 "PRO" "CPRO" }
>>   { 0 "SER" "NSER" } { 1 "SER" "CSER" }
>>   { 0 "THR" "NTHR" } { 1 "THR" "CTHR" }
>>   { 0 "TRP" "NTRP" } { 1 "TRP" "CTRP" }
>>   { 0 "TYR" "NTYR" } { 1 "TYR" "CTYR" }
>>   { 0 "VAL" "NVAL" } { 1 "VAL" "CVAL" }
>>   { 0 "HIS" "NHIS" } { 1 "HIS" "CHIS" }
>> 
>> }
>> 
>> #
>> # assume that most often proteins use HIE
>> #
>> NHIS = NHIE
>> HIS = HIE
>> CHIS = CHIE
> 
> loadoff ../19F_FF15IPQ_V03.lib
Loading library: ../19F_FF15IPQ_V03.lib
Loading: F4F
Loading: FTF
Loading: W4F
Loading: W5F
Loading: W6F
Loading: W7F
Loading: Y3F
Loading: YDF
> loadAmberParams ../19F_FF15IPQ_V00.frcmod
Loading parameters: ../19F_FF15IPQ_V00.frcmod
Reading force field modification type file (frcmod)
Reading title:
FRCMOD Parameters for 8 19F residues: 4F/5F/6F/7F-Trp, 3F-Tyr, Di-F-Tyr, 4F-Phe, Tri-F-Phe
> W4F = sequence { W4F }
Sequence: W4F
> check W4F
Checking 'W4F'....
Checking parameters for unit 'W4F'.
Checking for bond parameters.
Checking for angle parameters.
Unit is OK.
> saveAmberParm W4F W4F_V03.top W4F_V03.crd
Checking Unit.
Building topology.
Building atom parameters.
Building bond parameters.
Building angle parameters.
Building proper torsion parameters.
Building improper torsion parameters.
 ** Warning: No sp2 improper torsion term for  C*-CN-CB-CA
        atoms are: CG CE2 CD2 CE3
 ** Warning: No sp2 improper torsion term for  NA-CA-CN-CB
        atoms are: NE1 CZ2 CE2 CD2
 total 7 improper torsions applied
Building H-Bond parameters.
Incorporating Non-Bonded adjustments.
Not Marking per-residue atom chain types.
Marking per-residue atom chain types.
 (no restraints)
> #savepdb W4F W4F_V03.pdb
> quit
	Quit

Exiting LEaP: Errors = 0; Warnings = 0; Notes = 0.
log started: Tue Apr 27 18:09:43 2021

Log file: ./leap.log
>> #
>> # ----- leaprc for loading the ff15ipq force field, developmental version
>> # ----- NOTE: this is designed for PDB format 3!
>> #       Version 10.3, solvated:
>> #         Charges fit with H sigma=1.3 and SPC/Eb, backbone charges held equal
>> #        
>> #         vdw (LJEDITs removed, H sigma=1.3, ARG side chain TH sigma=1.5)
>> #         torsions generation 6 (0 ff14ipq, ALAPROALA,
>> #                                1 dipeptides,
>> #                                2 XXXGLY & GLYXXX tripeptides,
>> #                                3 XXXPRO & PROXXX tripeptides)
>> #                                4 charged tripeptides)
>> #                                5 more charged tripeptides and termini
>> #                                6 angle peptides and more termini)
>> #         Parm cleaned up extensively
>> #         Torsion phases restored to 0 and 180 degrees
>> #         Backbone CNA, HNA, NAC, ACN, and ACO angles fit
>> #         Additional assorted updates to bonded parameters and types
>> #         The SPC/Eb water model was used to derive partial charges
>> #           for this force field
>> #
>> #	load atom type hybridizations
>> #
>> addAtomTypes {
>> 	{ "H"   "H"  "sp3" }
>> 	{ "HO"  "H"  "sp3" }
>> 	{ "HS"  "H"  "sp3" }
>> 	{ "H1"  "H"  "sp3" }
>> 	{ "H2"  "H"  "sp3" }
>> 	{ "H3"  "H"  "sp3" }
>> 	{ "H4"  "H"  "sp3" }
>> 	{ "H5"  "H"  "sp3" }
>> 	{ "HW"  "H"  "sp3" }
>> 	{ "HC"  "H"  "sp3" }
>> 	{ "HA"  "H"  "sp3" }
>> 	{ "HP"  "H"  "sp3" }
>> 	{ "HZ"  "H"  "sp3" }
>> 	{ "TH"  "H"  "sp3" }
>> 	{ "OH"  "O"  "sp3" }
>> 	{ "OS"  "O"  "sp3" }
>> 	{ "O"   "O"  "sp2" }
>> 	{ "OD"  "O"  "sp2" }
>> 	{ "O2"  "O"  "sp2" }
>> 	{ "O3"  "O"  "sp2" }
>> 	{ "OP"  "O"  "sp2" }
>> 	{ "OW"  "O"  "sp3" }
>> 	{ "OA"  "O"  "sp3" }
>> 	{ "CT"  "C"  "sp3" }
>> 	{ "CX"  "C"  "sp3" }
>> 	{ "TJ"  "C"  "sp3" }
>> 	{ "TG"  "C"  "sp3" }
>> 	{ "TM"  "C"  "sp3" }
>> 	{ "TP"  "C"  "sp3" }
>> 	{ "C8"  "C"  "sp3" }
>> 	{ "2C"  "C"  "sp3" }
>> 	{ "3C"  "C"  "sp3" }
>> 	{ "TA"  "C"  "sp3" }
>> 	{ "CH"  "C"  "sp3" }
>> 	{ "CS"  "C"  "sp2" }
>> 	{ "C"   "C"  "sp2" }
>> 	{ "CO"  "C"  "sp2" }
>> 	{ "C*"  "C"  "sp2" }
>> 	{ "CA"  "C"  "sp2" }
>> 	{ "CB"  "C"  "sp2" }
>> 	{ "CC"  "C"  "sp2" }
>> 	{ "CN"  "C"  "sp2" }
>> 	{ "CM"  "C"  "sp2" }
>> 	{ "CK"  "C"  "sp2" }
>> 	{ "CQ"  "C"  "sp2" }
>> 	{ "CD"  "C"  "sp2" }
>> 	{ "C5"  "C"  "sp2" }
>> 	{ "C4"  "C"  "sp2" }
>> 	{ "CP"  "C"  "sp2" }
>> 	{ "CI"  "C"  "sp3" }
>> 	{ "CJ"  "C"  "sp2" }
>> 	{ "CW"  "C"  "sp2" }
>> 	{ "CV"  "C"  "sp2" }
>> 	{ "CR"  "C"  "sp2" }
>> 	{ "CA"  "C"  "sp2" }
>> 	{ "CY"  "C"  "sp2" }
>> 	{ "C0"  "Ca" "sp3" }
>> 	{ "MG"  "Mg" "sp3" }
>> 	{ "N"   "N"  "sp2" }
>> 	{ "NA"  "N"  "sp2" }
>> 	{ "N2"  "N"  "sp2" }
>> 	{ "N*"  "N"  "sp2" }
>> 	{ "NP"  "N"  "sp2" }
>> 	{ "NQ"  "N"  "sp2" }
>> 	{ "NB"  "N"  "sp2" }
>> 	{ "NC"  "N"  "sp2" }
>> 	{ "TN"  "N"  "sp2" }
>> 	{ "NT"  "N"  "sp3" }
>> 	{ "NY"  "N"  "sp2" }
>> 	{ "N3"  "N"  "sp3" }
>> 	{ "NL"  "N"  "sp3" }
>> 	{ "ND"  "N"  "sp3" }
>> 	{ "S"   "S"  "sp3" }
>> 	{ "SH"  "S"  "sp3" }
>> 	{ "P"   "P"  "sp3" }
>> 	{ "LP"  ""   "sp3" }
>> 	{ "EP"  ""   "sp3" }
>> 	{ "F"   "F"  "sp3" }
>> 	{ "Cl"  "Cl" "sp3" }
>> 	{ "Br"  "Br" "sp3" }
>> 	{ "I"   "I"  "sp3" }
>> }
>> #
>> #	Load the main parameter set.
>> #
>> parm15ipq = loadamberparams parm15ipq_10.3.dat
Loading parameters: /Users/darian/anaconda3/envs/md/dat/leap/parm/parm15ipq_10.3.dat
Reading title:
Parm15 developmental parameter set
(UNKNOWN ATOM TYPE: CZ)
(UNKNOWN ATOM TYPE: CU)
(UNKNOWN ATOM TYPE: FE)
(UNKNOWN ATOM TYPE: Zn)
(UNKNOWN ATOM TYPE: EP)
>> #
>> #	Load main chain and terminating amino acid libraries, nucleic acids
>> #
>> loadOff amino15ipq_10.0.lib
Loading library: /Users/darian/anaconda3/envs/md/dat/leap/lib/amino15ipq_10.0.lib
Loading: ALA
Loading: ARG
Loading: ASH
Loading: ASN
Loading: ASP
Loading: CYM
Loading: CYS
Loading: CYX
Loading: GLH
Loading: GLN
Loading: GLU
Loading: GLY
Loading: HID
Loading: HIE
Loading: HIP
Loading: ILE
Loading: LEU
Loading: LYN
Loading: LYS
Loading: MET
Loading: MTB
Loading: NLE
Loading: PHE
Loading: PRO
Loading: SER
Loading: THR
Loading: TRP
Loading: TYR
Loading: VAL
>> loadOff aminoct15ipq_10.0.lib
Loading library: /Users/darian/anaconda3/envs/md/dat/leap/lib/aminoct15ipq_10.0.lib
Loading: CALA
Loading: CARG
Loading: CASH
Loading: CASN
Loading: CASP
Loading: CCYM
Loading: CCYS
Loading: CCYX
Loading: CGLH
Loading: CGLN
Loading: CGLU
Loading: CGLY
Loading: CHID
Loading: CHIE
Loading: CHIP
Loading: CILE
Loading: CLEU
Loading: CLYN
Loading: CLYS
Loading: CMET
Loading: CNLE
Loading: CPHE
Loading: CPRO
Loading: CSER
Loading: CTHR
Loading: CTRP
Loading: CTYR
Loading: CVAL
Loading: NHE
Loading: NME
>> loadOff aminont15ipq_10.0.lib
Loading library: /Users/darian/anaconda3/envs/md/dat/leap/lib/aminont15ipq_10.0.lib
Loading: ACE
Loading: NALA
Loading: NARG
Loading: NASH
Loading: NASN
Loading: NASP
Loading: NCYM
Loading: NCYS
Loading: NCYX
Loading: NGLH
Loading: NGLN
Loading: NGLU
Loading: NGLY
Loading: NHID
Loading: NHIE
Loading: NHIP
Loading: NILE
Loading: NLEU
Loading: NLYS
Loading: NMET
Loading: NNLE
Loading: NPHE
Loading: NPRO
Loading: NSER
Loading: NTHR
Loading: NTRP
Loading: NTYR
Loading: NVAL
>> 
>> #
>> #	Define the PDB name map for the amino acids 
>> #
>> addPdbResMap {
>>   { 0 "ALA" "NALA" } { 1 "ALA" "CALA" }
>>   { 0 "ARG" "NARG" } { 1 "ARG" "CARG" }
>>   { 0 "ASH" "NASH" } { 1 "ASH" "CASH" }
>>   { 0 "ASN" "NASN" } { 1 "ASN" "CASN" }
>>   { 0 "ASP" "NASP" } { 1 "ASP" "CASP" }
>>   { 0 "CYM" "NCYM" } { 1 "CYM" "CCYM" }
>>   { 0 "CYS" "NCYS" } { 1 "CYS" "CCYS" }
>>   { 0 "CYX" "NCYX" } { 1 "CYX" "CCYX" }
>>   { 0 "GLH" "NGLH" } { 1 "GLH" "CGLH" }
>>   { 0 "GLN" "NGLN" } { 1 "GLN" "CGLN" }
>>   { 0 "GLU" "NGLU" } { 1 "GLU" "CGLU" }
>>   { 0 "GLY" "NGLY" } { 1 "GLY" "CGLY" }
>>   { 0 "HID" "NHID" } { 1 "HID" "CHID" }
>>   { 0 "HIE" "NHIE" } { 1 "HIE" "CHIE" }
>>   { 0 "HIP" "NHIP" } { 1 "HIP" "CHIP" }
>>   { 0 "ILE" "NILE" } { 1 "ILE" "CILE" }
>>   { 0 "LEU" "NLEU" } { 1 "LEU" "CLEU" }
>>                      { 1 "LYN" "CLYN" }
>>   { 0 "LYS" "NLYS" } { 1 "LYS" "CLYS" }
>>   { 0 "MET" "NMET" } { 1 "MET" "CMET" }
>>   { 0 "NLE" "NNLE" } { 1 "NLE" "CNLE" }
>>   { 0 "PHE" "NPHE" } { 1 "PHE" "CPHE" }
>>   { 0 "PRO" "NPRO" } { 1 "PRO" "CPRO" }
>>   { 0 "SER" "NSER" } { 1 "SER" "CSER" }
>>   { 0 "THR" "NTHR" } { 1 "THR" "CTHR" }
>>   { 0 "TRP" "NTRP" } { 1 "TRP" "CTRP" }
>>   { 0 "TYR" "NTYR" } { 1 "TYR" "CTYR" }
>>   { 0 "VAL" "NVAL" } { 1 "VAL" "CVAL" }
>>   { 0 "HIS" "NHIS" } { 1 "HIS" "CHIS" }
>> 
>> }
>> 
>> #
>> # assume that most often proteins use HIE
>> #
>> NHIS = NHIE
>> HIS = HIE
>> CHIS = CHIE
> 
> loadoff ../19F_FF15IPQ_AM1-BCC.lib
Loading library: ../19F_FF15IPQ_AM1-BCC.lib
Loading: F4F
Loading: FTF
Loading: W4F
Loading: W5F
Loading: W6F
Loading: W7F
Loading: Y3F
Loading: YDF
> loadAmberParams ../19F_FF15IPQ_V00.frcmod
Loading parameters: ../19F_FF15IPQ_V00.frcmod
Reading force field modification type file (frcmod)
Reading title:
FRCMOD Parameters for 8 19F residues: 4F/5F/6F/7F-Trp, 3F-Tyr, Di-F-Tyr, 4F-Phe, Tri-F-Phe
> W4F = sequence { W4F }
Sequence: W4F
> check W4F
Checking 'W4F'....
Checking parameters for unit 'W4F'.
Checking for bond parameters.
Checking for angle parameters.
Unit is OK.
> saveAmberParm W4F W4F_AM1-BCC.top W4F_AM1-BCC.crd
Checking Unit.
Building topology.
Building atom parameters.
Building bond parameters.
Building angle parameters.
Building proper torsion parameters.
Building improper torsion parameters.
 ** Warning: No sp2 improper torsion term for  C*-CN-CB-CA
        atoms are: CG CE2 CD2 CE3
 ** Warning: No sp2 improper torsion term for  NA-CA-CN-CB
        atoms are: NE1 CZ2 CE2 CD2
 total 7 improper torsions applied
Building H-Bond parameters.
Incorporating Non-Bonded adjustments.
Not Marking per-residue atom chain types.
Marking per-residue atom chain types.
 (no restraints)
> savepdb W4F W4F_AM1-BCC.pdb
Writing pdb file: W4F_AM1-BCC.pdb
> quit
	Quit

Exiting LEaP: Errors = 0; Warnings = 0; Notes = 0.
log started: Tue Apr 27 18:09:47 2021

Log file: ./leap.log
>> #
>> # ----- leaprc for loading the ff15ipq force field, developmental version
>> # ----- NOTE: this is designed for PDB format 3!
>> #       Version 10.3, solvated:
>> #         Charges fit with H sigma=1.3 and SPC/Eb, backbone charges held equal
>> #        
>> #         vdw (LJEDITs removed, H sigma=1.3, ARG side chain TH sigma=1.5)
>> #         torsions generation 6 (0 ff14ipq, ALAPROALA,
>> #                                1 dipeptides,
>> #                                2 XXXGLY & GLYXXX tripeptides,
>> #                                3 XXXPRO & PROXXX tripeptides)
>> #                                4 charged tripeptides)
>> #                                5 more charged tripeptides and termini
>> #                                6 angle peptides and more termini)
>> #         Parm cleaned up extensively
>> #         Torsion phases restored to 0 and 180 degrees
>> #         Backbone CNA, HNA, NAC, ACN, and ACO angles fit
>> #         Additional assorted updates to bonded parameters and types
>> #         The SPC/Eb water model was used to derive partial charges
>> #           for this force field
>> #
>> #	load atom type hybridizations
>> #
>> addAtomTypes {
>> 	{ "H"   "H"  "sp3" }
>> 	{ "HO"  "H"  "sp3" }
>> 	{ "HS"  "H"  "sp3" }
>> 	{ "H1"  "H"  "sp3" }
>> 	{ "H2"  "H"  "sp3" }
>> 	{ "H3"  "H"  "sp3" }
>> 	{ "H4"  "H"  "sp3" }
>> 	{ "H5"  "H"  "sp3" }
>> 	{ "HW"  "H"  "sp3" }
>> 	{ "HC"  "H"  "sp3" }
>> 	{ "HA"  "H"  "sp3" }
>> 	{ "HP"  "H"  "sp3" }
>> 	{ "HZ"  "H"  "sp3" }
>> 	{ "TH"  "H"  "sp3" }
>> 	{ "OH"  "O"  "sp3" }
>> 	{ "OS"  "O"  "sp3" }
>> 	{ "O"   "O"  "sp2" }
>> 	{ "OD"  "O"  "sp2" }
>> 	{ "O2"  "O"  "sp2" }
>> 	{ "O3"  "O"  "sp2" }
>> 	{ "OP"  "O"  "sp2" }
>> 	{ "OW"  "O"  "sp3" }
>> 	{ "OA"  "O"  "sp3" }
>> 	{ "CT"  "C"  "sp3" }
>> 	{ "CX"  "C"  "sp3" }
>> 	{ "TJ"  "C"  "sp3" }
>> 	{ "TG"  "C"  "sp3" }
>> 	{ "TM"  "C"  "sp3" }
>> 	{ "TP"  "C"  "sp3" }
>> 	{ "C8"  "C"  "sp3" }
>> 	{ "2C"  "C"  "sp3" }
>> 	{ "3C"  "C"  "sp3" }
>> 	{ "TA"  "C"  "sp3" }
>> 	{ "CH"  "C"  "sp3" }
>> 	{ "CS"  "C"  "sp2" }
>> 	{ "C"   "C"  "sp2" }
>> 	{ "CO"  "C"  "sp2" }
>> 	{ "C*"  "C"  "sp2" }
>> 	{ "CA"  "C"  "sp2" }
>> 	{ "CB"  "C"  "sp2" }
>> 	{ "CC"  "C"  "sp2" }
>> 	{ "CN"  "C"  "sp2" }
>> 	{ "CM"  "C"  "sp2" }
>> 	{ "CK"  "C"  "sp2" }
>> 	{ "CQ"  "C"  "sp2" }
>> 	{ "CD"  "C"  "sp2" }
>> 	{ "C5"  "C"  "sp2" }
>> 	{ "C4"  "C"  "sp2" }
>> 	{ "CP"  "C"  "sp2" }
>> 	{ "CI"  "C"  "sp3" }
>> 	{ "CJ"  "C"  "sp2" }
>> 	{ "CW"  "C"  "sp2" }
>> 	{ "CV"  "C"  "sp2" }
>> 	{ "CR"  "C"  "sp2" }
>> 	{ "CA"  "C"  "sp2" }
>> 	{ "CY"  "C"  "sp2" }
>> 	{ "C0"  "Ca" "sp3" }
>> 	{ "MG"  "Mg" "sp3" }
>> 	{ "N"   "N"  "sp2" }
>> 	{ "NA"  "N"  "sp2" }
>> 	{ "N2"  "N"  "sp2" }
>> 	{ "N*"  "N"  "sp2" }
>> 	{ "NP"  "N"  "sp2" }
>> 	{ "NQ"  "N"  "sp2" }
>> 	{ "NB"  "N"  "sp2" }
>> 	{ "NC"  "N"  "sp2" }
>> 	{ "TN"  "N"  "sp2" }
>> 	{ "NT"  "N"  "sp3" }
>> 	{ "NY"  "N"  "sp2" }
>> 	{ "N3"  "N"  "sp3" }
>> 	{ "NL"  "N"  "sp3" }
>> 	{ "ND"  "N"  "sp3" }
>> 	{ "S"   "S"  "sp3" }
>> 	{ "SH"  "S"  "sp3" }
>> 	{ "P"   "P"  "sp3" }
>> 	{ "LP"  ""   "sp3" }
>> 	{ "EP"  ""   "sp3" }
>> 	{ "F"   "F"  "sp3" }
>> 	{ "Cl"  "Cl" "sp3" }
>> 	{ "Br"  "Br" "sp3" }
>> 	{ "I"   "I"  "sp3" }
>> }
>> #
>> #	Load the main parameter set.
>> #
>> parm15ipq = loadamberparams parm15ipq_10.3.dat
Loading parameters: /Users/darian/anaconda3/envs/md/dat/leap/parm/parm15ipq_10.3.dat
Reading title:
Parm15 developmental parameter set
(UNKNOWN ATOM TYPE: CZ)
(UNKNOWN ATOM TYPE: CU)
(UNKNOWN ATOM TYPE: FE)
(UNKNOWN ATOM TYPE: Zn)
(UNKNOWN ATOM TYPE: EP)
>> #
>> #	Load main chain and terminating amino acid libraries, nucleic acids
>> #
>> loadOff amino15ipq_10.0.lib
Loading library: /Users/darian/anaconda3/envs/md/dat/leap/lib/amino15ipq_10.0.lib
Loading: ALA
Loading: ARG
Loading: ASH
Loading: ASN
Loading: ASP
Loading: CYM
Loading: CYS
Loading: CYX
Loading: GLH
Loading: GLN
Loading: GLU
Loading: GLY
Loading: HID
Loading: HIE
Loading: HIP
Loading: ILE
Loading: LEU
Loading: LYN
Loading: LYS
Loading: MET
Loading: MTB
Loading: NLE
Loading: PHE
Loading: PRO
Loading: SER
Loading: THR
Loading: TRP
Loading: TYR
Loading: VAL
>> loadOff aminoct15ipq_10.0.lib
Loading library: /Users/darian/anaconda3/envs/md/dat/leap/lib/aminoct15ipq_10.0.lib
Loading: CALA
Loading: CARG
Loading: CASH
Loading: CASN
Loading: CASP
Loading: CCYM
Loading: CCYS
Loading: CCYX
Loading: CGLH
Loading: CGLN
Loading: CGLU
Loading: CGLY
Loading: CHID
Loading: CHIE
Loading: CHIP
Loading: CILE
Loading: CLEU
Loading: CLYN
Loading: CLYS
Loading: CMET
Loading: CNLE
Loading: CPHE
Loading: CPRO
Loading: CSER
Loading: CTHR
Loading: CTRP
Loading: CTYR
Loading: CVAL
Loading: NHE
Loading: NME
>> loadOff aminont15ipq_10.0.lib
Loading library: /Users/darian/anaconda3/envs/md/dat/leap/lib/aminont15ipq_10.0.lib
Loading: ACE
Loading: NALA
Loading: NARG
Loading: NASH
Loading: NASN
Loading: NASP
Loading: NCYM
Loading: NCYS
Loading: NCYX
Loading: NGLH
Loading: NGLN
Loading: NGLU
Loading: NGLY
Loading: NHID
Loading: NHIE
Loading: NHIP
Loading: NILE
Loading: NLEU
Loading: NLYS
Loading: NMET
Loading: NNLE
Loading: NPHE
Loading: NPRO
Loading: NSER
Loading: NTHR
Loading: NTRP
Loading: NTYR
Loading: NVAL
>> 
>> #
>> #	Define the PDB name map for the amino acids 
>> #
>> addPdbResMap {
>>   { 0 "ALA" "NALA" } { 1 "ALA" "CALA" }
>>   { 0 "ARG" "NARG" } { 1 "ARG" "CARG" }
>>   { 0 "ASH" "NASH" } { 1 "ASH" "CASH" }
>>   { 0 "ASN" "NASN" } { 1 "ASN" "CASN" }
>>   { 0 "ASP" "NASP" } { 1 "ASP" "CASP" }
>>   { 0 "CYM" "NCYM" } { 1 "CYM" "CCYM" }
>>   { 0 "CYS" "NCYS" } { 1 "CYS" "CCYS" }
>>   { 0 "CYX" "NCYX" } { 1 "CYX" "CCYX" }
>>   { 0 "GLH" "NGLH" } { 1 "GLH" "CGLH" }
>>   { 0 "GLN" "NGLN" } { 1 "GLN" "CGLN" }
>>   { 0 "GLU" "NGLU" } { 1 "GLU" "CGLU" }
>>   { 0 "GLY" "NGLY" } { 1 "GLY" "CGLY" }
>>   { 0 "HID" "NHID" } { 1 "HID" "CHID" }
>>   { 0 "HIE" "NHIE" } { 1 "HIE" "CHIE" }
>>   { 0 "HIP" "NHIP" } { 1 "HIP" "CHIP" }
>>   { 0 "ILE" "NILE" } { 1 "ILE" "CILE" }
>>   { 0 "LEU" "NLEU" } { 1 "LEU" "CLEU" }
>>                      { 1 "LYN" "CLYN" }
>>   { 0 "LYS" "NLYS" } { 1 "LYS" "CLYS" }
>>   { 0 "MET" "NMET" } { 1 "MET" "CMET" }
>>   { 0 "NLE" "NNLE" } { 1 "NLE" "CNLE" }
>>   { 0 "PHE" "NPHE" } { 1 "PHE" "CPHE" }
>>   { 0 "PRO" "NPRO" } { 1 "PRO" "CPRO" }
>>   { 0 "SER" "NSER" } { 1 "SER" "CSER" }
>>   { 0 "THR" "NTHR" } { 1 "THR" "CTHR" }
>>   { 0 "TRP" "NTRP" } { 1 "TRP" "CTRP" }
>>   { 0 "TYR" "NTYR" } { 1 "TYR" "CTYR" }
>>   { 0 "VAL" "NVAL" } { 1 "VAL" "CVAL" }
>>   { 0 "HIS" "NHIS" } { 1 "HIS" "CHIS" }
>> 
>> }
>> 
>> #
>> # assume that most often proteins use HIE
>> #
>> NHIS = NHIE
>> HIS = HIE
>> CHIS = CHIE
> 
> loadoff ../19F_FF15IPQ_V00.lib
Loading library: ../19F_FF15IPQ_V00.lib
Loading: F4F
Loading: FTF
Loading: W4F
Loading: W5F
Loading: W6F
Loading: W7F
Loading: Y3F
Loading: YDF
> loadAmberParams ../19F_FF15IPQ_V00.frcmod
Loading parameters: ../19F_FF15IPQ_V00.frcmod
Reading force field modification type file (frcmod)
Reading title:
FRCMOD Parameters for 8 19F residues: 4F/5F/6F/7F-Trp, 3F-Tyr, Di-F-Tyr, 4F-Phe, Tri-F-Phe
> W4F = sequence { W4F }
Sequence: W4F
> check W4F
Checking 'W4F'....
Checking parameters for unit 'W4F'.
Checking for bond parameters.
Checking for angle parameters.
Unit is OK.
> saveAmberParm W4F W4F_V00.top W4F_V00.crd
Checking Unit.
Building topology.
Building atom parameters.
Building bond parameters.
Building angle parameters.
Building proper torsion parameters.
Building improper torsion parameters.
 ** Warning: No sp2 improper torsion term for  C*-CN-CB-CA
        atoms are: CG CE2 CD2 CE3
 ** Warning: No sp2 improper torsion term for  NA-CA-CN-CB
        atoms are: NE1 CZ2 CE2 CD2
 total 7 improper torsions applied
Building H-Bond parameters.
Incorporating Non-Bonded adjustments.
Not Marking per-residue atom chain types.
Marking per-residue atom chain types.
 (no restraints)
> savepdb W4F W4F_V00.pdb
Writing pdb file: W4F_V00.pdb
> quit
	Quit

Exiting LEaP: Errors = 0; Warnings = 0; Notes = 0.
log started: Tue Apr 27 18:09:49 2021

Log file: ./leap.log
>> #
>> # ----- leaprc for loading the ff15ipq force field, developmental version
>> # ----- NOTE: this is designed for PDB format 3!
>> #       Version 10.3, solvated:
>> #         Charges fit with H sigma=1.3 and SPC/Eb, backbone charges held equal
>> #        
>> #         vdw (LJEDITs removed, H sigma=1.3, ARG side chain TH sigma=1.5)
>> #         torsions generation 6 (0 ff14ipq, ALAPROALA,
>> #                                1 dipeptides,
>> #                                2 XXXGLY & GLYXXX tripeptides,
>> #                                3 XXXPRO & PROXXX tripeptides)
>> #                                4 charged tripeptides)
>> #                                5 more charged tripeptides and termini
>> #                                6 angle peptides and more termini)
>> #         Parm cleaned up extensively
>> #         Torsion phases restored to 0 and 180 degrees
>> #         Backbone CNA, HNA, NAC, ACN, and ACO angles fit
>> #         Additional assorted updates to bonded parameters and types
>> #         The SPC/Eb water model was used to derive partial charges
>> #           for this force field
>> #
>> #	load atom type hybridizations
>> #
>> addAtomTypes {
>> 	{ "H"   "H"  "sp3" }
>> 	{ "HO"  "H"  "sp3" }
>> 	{ "HS"  "H"  "sp3" }
>> 	{ "H1"  "H"  "sp3" }
>> 	{ "H2"  "H"  "sp3" }
>> 	{ "H3"  "H"  "sp3" }
>> 	{ "H4"  "H"  "sp3" }
>> 	{ "H5"  "H"  "sp3" }
>> 	{ "HW"  "H"  "sp3" }
>> 	{ "HC"  "H"  "sp3" }
>> 	{ "HA"  "H"  "sp3" }
>> 	{ "HP"  "H"  "sp3" }
>> 	{ "HZ"  "H"  "sp3" }
>> 	{ "TH"  "H"  "sp3" }
>> 	{ "OH"  "O"  "sp3" }
>> 	{ "OS"  "O"  "sp3" }
>> 	{ "O"   "O"  "sp2" }
>> 	{ "OD"  "O"  "sp2" }
>> 	{ "O2"  "O"  "sp2" }
>> 	{ "O3"  "O"  "sp2" }
>> 	{ "OP"  "O"  "sp2" }
>> 	{ "OW"  "O"  "sp3" }
>> 	{ "OA"  "O"  "sp3" }
>> 	{ "CT"  "C"  "sp3" }
>> 	{ "CX"  "C"  "sp3" }
>> 	{ "TJ"  "C"  "sp3" }
>> 	{ "TG"  "C"  "sp3" }
>> 	{ "TM"  "C"  "sp3" }
>> 	{ "TP"  "C"  "sp3" }
>> 	{ "C8"  "C"  "sp3" }
>> 	{ "2C"  "C"  "sp3" }
>> 	{ "3C"  "C"  "sp3" }
>> 	{ "TA"  "C"  "sp3" }
>> 	{ "CH"  "C"  "sp3" }
>> 	{ "CS"  "C"  "sp2" }
>> 	{ "C"   "C"  "sp2" }
>> 	{ "CO"  "C"  "sp2" }
>> 	{ "C*"  "C"  "sp2" }
>> 	{ "CA"  "C"  "sp2" }
>> 	{ "CB"  "C"  "sp2" }
>> 	{ "CC"  "C"  "sp2" }
>> 	{ "CN"  "C"  "sp2" }
>> 	{ "CM"  "C"  "sp2" }
>> 	{ "CK"  "C"  "sp2" }
>> 	{ "CQ"  "C"  "sp2" }
>> 	{ "CD"  "C"  "sp2" }
>> 	{ "C5"  "C"  "sp2" }
>> 	{ "C4"  "C"  "sp2" }
>> 	{ "CP"  "C"  "sp2" }
>> 	{ "CI"  "C"  "sp3" }
>> 	{ "CJ"  "C"  "sp2" }
>> 	{ "CW"  "C"  "sp2" }
>> 	{ "CV"  "C"  "sp2" }
>> 	{ "CR"  "C"  "sp2" }
>> 	{ "CA"  "C"  "sp2" }
>> 	{ "CY"  "C"  "sp2" }
>> 	{ "C0"  "Ca" "sp3" }
>> 	{ "MG"  "Mg" "sp3" }
>> 	{ "N"   "N"  "sp2" }
>> 	{ "NA"  "N"  "sp2" }
>> 	{ "N2"  "N"  "sp2" }
>> 	{ "N*"  "N"  "sp2" }
>> 	{ "NP"  "N"  "sp2" }
>> 	{ "NQ"  "N"  "sp2" }
>> 	{ "NB"  "N"  "sp2" }
>> 	{ "NC"  "N"  "sp2" }
>> 	{ "TN"  "N"  "sp2" }
>> 	{ "NT"  "N"  "sp3" }
>> 	{ "NY"  "N"  "sp2" }
>> 	{ "N3"  "N"  "sp3" }
>> 	{ "NL"  "N"  "sp3" }
>> 	{ "ND"  "N"  "sp3" }
>> 	{ "S"   "S"  "sp3" }
>> 	{ "SH"  "S"  "sp3" }
>> 	{ "P"   "P"  "sp3" }
>> 	{ "LP"  ""   "sp3" }
>> 	{ "EP"  ""   "sp3" }
>> 	{ "F"   "F"  "sp3" }
>> 	{ "Cl"  "Cl" "sp3" }
>> 	{ "Br"  "Br" "sp3" }
>> 	{ "I"   "I"  "sp3" }
>> }
>> #
>> #	Load the main parameter set.
>> #
>> parm15ipq = loadamberparams parm15ipq_10.3.dat
Loading parameters: /Users/darian/anaconda3/envs/md/dat/leap/parm/parm15ipq_10.3.dat
Reading title:
Parm15 developmental parameter set
(UNKNOWN ATOM TYPE: CZ)
(UNKNOWN ATOM TYPE: CU)
(UNKNOWN ATOM TYPE: FE)
(UNKNOWN ATOM TYPE: Zn)
(UNKNOWN ATOM TYPE: EP)
>> #
>> #	Load main chain and terminating amino acid libraries, nucleic acids
>> #
>> loadOff amino15ipq_10.0.lib
Loading library: /Users/darian/anaconda3/envs/md/dat/leap/lib/amino15ipq_10.0.lib
Loading: ALA
Loading: ARG
Loading: ASH
Loading: ASN
Loading: ASP
Loading: CYM
Loading: CYS
Loading: CYX
Loading: GLH
Loading: GLN
Loading: GLU
Loading: GLY
Loading: HID
Loading: HIE
Loading: HIP
Loading: ILE
Loading: LEU
Loading: LYN
Loading: LYS
Loading: MET
Loading: MTB
Loading: NLE
Loading: PHE
Loading: PRO
Loading: SER
Loading: THR
Loading: TRP
Loading: TYR
Loading: VAL
>> loadOff aminoct15ipq_10.0.lib
Loading library: /Users/darian/anaconda3/envs/md/dat/leap/lib/aminoct15ipq_10.0.lib
Loading: CALA
Loading: CARG
Loading: CASH
Loading: CASN
Loading: CASP
Loading: CCYM
Loading: CCYS
Loading: CCYX
Loading: CGLH
Loading: CGLN
Loading: CGLU
Loading: CGLY
Loading: CHID
Loading: CHIE
Loading: CHIP
Loading: CILE
Loading: CLEU
Loading: CLYN
Loading: CLYS
Loading: CMET
Loading: CNLE
Loading: CPHE
Loading: CPRO
Loading: CSER
Loading: CTHR
Loading: CTRP
Loading: CTYR
Loading: CVAL
Loading: NHE
Loading: NME
>> loadOff aminont15ipq_10.0.lib
Loading library: /Users/darian/anaconda3/envs/md/dat/leap/lib/aminont15ipq_10.0.lib
Loading: ACE
Loading: NALA
Loading: NARG
Loading: NASH
Loading: NASN
Loading: NASP
Loading: NCYM
Loading: NCYS
Loading: NCYX
Loading: NGLH
Loading: NGLN
Loading: NGLU
Loading: NGLY
Loading: NHID
Loading: NHIE
Loading: NHIP
Loading: NILE
Loading: NLEU
Loading: NLYS
Loading: NMET
Loading: NNLE
Loading: NPHE
Loading: NPRO
Loading: NSER
Loading: NTHR
Loading: NTRP
Loading: NTYR
Loading: NVAL
>> 
>> #
>> #	Define the PDB name map for the amino acids 
>> #
>> addPdbResMap {
>>   { 0 "ALA" "NALA" } { 1 "ALA" "CALA" }
>>   { 0 "ARG" "NARG" } { 1 "ARG" "CARG" }
>>   { 0 "ASH" "NASH" } { 1 "ASH" "CASH" }
>>   { 0 "ASN" "NASN" } { 1 "ASN" "CASN" }
>>   { 0 "ASP" "NASP" } { 1 "ASP" "CASP" }
>>   { 0 "CYM" "NCYM" } { 1 "CYM" "CCYM" }
>>   { 0 "CYS" "NCYS" } { 1 "CYS" "CCYS" }
>>   { 0 "CYX" "NCYX" } { 1 "CYX" "CCYX" }
>>   { 0 "GLH" "NGLH" } { 1 "GLH" "CGLH" }
>>   { 0 "GLN" "NGLN" } { 1 "GLN" "CGLN" }
>>   { 0 "GLU" "NGLU" } { 1 "GLU" "CGLU" }
>>   { 0 "GLY" "NGLY" } { 1 "GLY" "CGLY" }
>>   { 0 "HID" "NHID" } { 1 "HID" "CHID" }
>>   { 0 "HIE" "NHIE" } { 1 "HIE" "CHIE" }
>>   { 0 "HIP" "NHIP" } { 1 "HIP" "CHIP" }
>>   { 0 "ILE" "NILE" } { 1 "ILE" "CILE" }
>>   { 0 "LEU" "NLEU" } { 1 "LEU" "CLEU" }
>>                      { 1 "LYN" "CLYN" }
>>   { 0 "LYS" "NLYS" } { 1 "LYS" "CLYS" }
>>   { 0 "MET" "NMET" } { 1 "MET" "CMET" }
>>   { 0 "NLE" "NNLE" } { 1 "NLE" "CNLE" }
>>   { 0 "PHE" "NPHE" } { 1 "PHE" "CPHE" }
>>   { 0 "PRO" "NPRO" } { 1 "PRO" "CPRO" }
>>   { 0 "SER" "NSER" } { 1 "SER" "CSER" }
>>   { 0 "THR" "NTHR" } { 1 "THR" "CTHR" }
>>   { 0 "TRP" "NTRP" } { 1 "TRP" "CTRP" }
>>   { 0 "TYR" "NTYR" } { 1 "TYR" "CTYR" }
>>   { 0 "VAL" "NVAL" } { 1 "VAL" "CVAL" }
>>   { 0 "HIS" "NHIS" } { 1 "HIS" "CHIS" }
>> 
>> }
>> 
>> #
>> # assume that most often proteins use HIE
>> #
>> NHIS = NHIE
>> HIS = HIE
>> CHIS = CHIE
> 
> loadoff ../19F_FF15IPQ_V01.lib
Loading library: ../19F_FF15IPQ_V01.lib
Loading: F4F
Loading: FTF
Loading: W4F
Loading: W5F
Loading: W6F
Loading: W7F
Loading: Y3F
Loading: YDF
> loadAmberParams ../19F_FF15IPQ_V00.frcmod
Loading parameters: ../19F_FF15IPQ_V00.frcmod
Reading force field modification type file (frcmod)
Reading title:
FRCMOD Parameters for 8 19F residues: 4F/5F/6F/7F-Trp, 3F-Tyr, Di-F-Tyr, 4F-Phe, Tri-F-Phe
> W4F = sequence { W4F }
Sequence: W4F
> check W4F
Checking 'W4F'....
Checking parameters for unit 'W4F'.
Checking for bond parameters.
Checking for angle parameters.
Unit is OK.
> saveAmberParm W4F W4F_V01.top W4F_V01.crd
Checking Unit.
Building topology.
Building atom parameters.
Building bond parameters.
Building angle parameters.
Building proper torsion parameters.
Building improper torsion parameters.
 ** Warning: No sp2 improper torsion term for  C*-CN-CB-CA
        atoms are: CG CE2 CD2 CE3
 ** Warning: No sp2 improper torsion term for  NA-CA-CN-CB
        atoms are: NE1 CZ2 CE2 CD2
 total 7 improper torsions applied
Building H-Bond parameters.
Incorporating Non-Bonded adjustments.
Not Marking per-residue atom chain types.
Marking per-residue atom chain types.
 (no restraints)
> savepdb W4F W4F_V01.pdb
Writing pdb file: W4F_V01.pdb
> quit
	Quit

Exiting LEaP: Errors = 0; Warnings = 0; Notes = 0.
log started: Tue Apr 27 18:09:50 2021

Log file: ./leap.log
>> #
>> # ----- leaprc for loading the ff15ipq force field, developmental version
>> # ----- NOTE: this is designed for PDB format 3!
>> #       Version 10.3, solvated:
>> #         Charges fit with H sigma=1.3 and SPC/Eb, backbone charges held equal
>> #        
>> #         vdw (LJEDITs removed, H sigma=1.3, ARG side chain TH sigma=1.5)
>> #         torsions generation 6 (0 ff14ipq, ALAPROALA,
>> #                                1 dipeptides,
>> #                                2 XXXGLY & GLYXXX tripeptides,
>> #                                3 XXXPRO & PROXXX tripeptides)
>> #                                4 charged tripeptides)
>> #                                5 more charged tripeptides and termini
>> #                                6 angle peptides and more termini)
>> #         Parm cleaned up extensively
>> #         Torsion phases restored to 0 and 180 degrees
>> #         Backbone CNA, HNA, NAC, ACN, and ACO angles fit
>> #         Additional assorted updates to bonded parameters and types
>> #         The SPC/Eb water model was used to derive partial charges
>> #           for this force field
>> #
>> #	load atom type hybridizations
>> #
>> addAtomTypes {
>> 	{ "H"   "H"  "sp3" }
>> 	{ "HO"  "H"  "sp3" }
>> 	{ "HS"  "H"  "sp3" }
>> 	{ "H1"  "H"  "sp3" }
>> 	{ "H2"  "H"  "sp3" }
>> 	{ "H3"  "H"  "sp3" }
>> 	{ "H4"  "H"  "sp3" }
>> 	{ "H5"  "H"  "sp3" }
>> 	{ "HW"  "H"  "sp3" }
>> 	{ "HC"  "H"  "sp3" }
>> 	{ "HA"  "H"  "sp3" }
>> 	{ "HP"  "H"  "sp3" }
>> 	{ "HZ"  "H"  "sp3" }
>> 	{ "TH"  "H"  "sp3" }
>> 	{ "OH"  "O"  "sp3" }
>> 	{ "OS"  "O"  "sp3" }
>> 	{ "O"   "O"  "sp2" }
>> 	{ "OD"  "O"  "sp2" }
>> 	{ "O2"  "O"  "sp2" }
>> 	{ "O3"  "O"  "sp2" }
>> 	{ "OP"  "O"  "sp2" }
>> 	{ "OW"  "O"  "sp3" }
>> 	{ "OA"  "O"  "sp3" }
>> 	{ "CT"  "C"  "sp3" }
>> 	{ "CX"  "C"  "sp3" }
>> 	{ "TJ"  "C"  "sp3" }
>> 	{ "TG"  "C"  "sp3" }
>> 	{ "TM"  "C"  "sp3" }
>> 	{ "TP"  "C"  "sp3" }
>> 	{ "C8"  "C"  "sp3" }
>> 	{ "2C"  "C"  "sp3" }
>> 	{ "3C"  "C"  "sp3" }
>> 	{ "TA"  "C"  "sp3" }
>> 	{ "CH"  "C"  "sp3" }
>> 	{ "CS"  "C"  "sp2" }
>> 	{ "C"   "C"  "sp2" }
>> 	{ "CO"  "C"  "sp2" }
>> 	{ "C*"  "C"  "sp2" }
>> 	{ "CA"  "C"  "sp2" }
>> 	{ "CB"  "C"  "sp2" }
>> 	{ "CC"  "C"  "sp2" }
>> 	{ "CN"  "C"  "sp2" }
>> 	{ "CM"  "C"  "sp2" }
>> 	{ "CK"  "C"  "sp2" }
>> 	{ "CQ"  "C"  "sp2" }
>> 	{ "CD"  "C"  "sp2" }
>> 	{ "C5"  "C"  "sp2" }
>> 	{ "C4"  "C"  "sp2" }
>> 	{ "CP"  "C"  "sp2" }
>> 	{ "CI"  "C"  "sp3" }
>> 	{ "CJ"  "C"  "sp2" }
>> 	{ "CW"  "C"  "sp2" }
>> 	{ "CV"  "C"  "sp2" }
>> 	{ "CR"  "C"  "sp2" }
>> 	{ "CA"  "C"  "sp2" }
>> 	{ "CY"  "C"  "sp2" }
>> 	{ "C0"  "Ca" "sp3" }
>> 	{ "MG"  "Mg" "sp3" }
>> 	{ "N"   "N"  "sp2" }
>> 	{ "NA"  "N"  "sp2" }
>> 	{ "N2"  "N"  "sp2" }
>> 	{ "N*"  "N"  "sp2" }
>> 	{ "NP"  "N"  "sp2" }
>> 	{ "NQ"  "N"  "sp2" }
>> 	{ "NB"  "N"  "sp2" }
>> 	{ "NC"  "N"  "sp2" }
>> 	{ "TN"  "N"  "sp2" }
>> 	{ "NT"  "N"  "sp3" }
>> 	{ "NY"  "N"  "sp2" }
>> 	{ "N3"  "N"  "sp3" }
>> 	{ "NL"  "N"  "sp3" }
>> 	{ "ND"  "N"  "sp3" }
>> 	{ "S"   "S"  "sp3" }
>> 	{ "SH"  "S"  "sp3" }
>> 	{ "P"   "P"  "sp3" }
>> 	{ "LP"  ""   "sp3" }
>> 	{ "EP"  ""   "sp3" }
>> 	{ "F"   "F"  "sp3" }
>> 	{ "Cl"  "Cl" "sp3" }
>> 	{ "Br"  "Br" "sp3" }
>> 	{ "I"   "I"  "sp3" }
>> }
>> #
>> #	Load the main parameter set.
>> #
>> parm15ipq = loadamberparams parm15ipq_10.3.dat
Loading parameters: /Users/darian/anaconda3/envs/md/dat/leap/parm/parm15ipq_10.3.dat
Reading title:
Parm15 developmental parameter set
(UNKNOWN ATOM TYPE: CZ)
(UNKNOWN ATOM TYPE: CU)
(UNKNOWN ATOM TYPE: FE)
(UNKNOWN ATOM TYPE: Zn)
(UNKNOWN ATOM TYPE: EP)
>> #
>> #	Load main chain and terminating amino acid libraries, nucleic acids
>> #
>> loadOff amino15ipq_10.0.lib
Loading library: /Users/darian/anaconda3/envs/md/dat/leap/lib/amino15ipq_10.0.lib
Loading: ALA
Loading: ARG
Loading: ASH
Loading: ASN
Loading: ASP
Loading: CYM
Loading: CYS
Loading: CYX
Loading: GLH
Loading: GLN
Loading: GLU
Loading: GLY
Loading: HID
Loading: HIE
Loading: HIP
Loading: ILE
Loading: LEU
Loading: LYN
Loading: LYS
Loading: MET
Loading: MTB
Loading: NLE
Loading: PHE
Loading: PRO
Loading: SER
Loading: THR
Loading: TRP
Loading: TYR
Loading: VAL
>> loadOff aminoct15ipq_10.0.lib
Loading library: /Users/darian/anaconda3/envs/md/dat/leap/lib/aminoct15ipq_10.0.lib
Loading: CALA
Loading: CARG
Loading: CASH
Loading: CASN
Loading: CASP
Loading: CCYM
Loading: CCYS
Loading: CCYX
Loading: CGLH
Loading: CGLN
Loading: CGLU
Loading: CGLY
Loading: CHID
Loading: CHIE
Loading: CHIP
Loading: CILE
Loading: CLEU
Loading: CLYN
Loading: CLYS
Loading: CMET
Loading: CNLE
Loading: CPHE
Loading: CPRO
Loading: CSER
Loading: CTHR
Loading: CTRP
Loading: CTYR
Loading: CVAL
Loading: NHE
Loading: NME
>> loadOff aminont15ipq_10.0.lib
Loading library: /Users/darian/anaconda3/envs/md/dat/leap/lib/aminont15ipq_10.0.lib
Loading: ACE
Loading: NALA
Loading: NARG
Loading: NASH
Loading: NASN
Loading: NASP
Loading: NCYM
Loading: NCYS
Loading: NCYX
Loading: NGLH
Loading: NGLN
Loading: NGLU
Loading: NGLY
Loading: NHID
Loading: NHIE
Loading: NHIP
Loading: NILE
Loading: NLEU
Loading: NLYS
Loading: NMET
Loading: NNLE
Loading: NPHE
Loading: NPRO
Loading: NSER
Loading: NTHR
Loading: NTRP
Loading: NTYR
Loading: NVAL
>> 
>> #
>> #	Define the PDB name map for the amino acids 
>> #
>> addPdbResMap {
>>   { 0 "ALA" "NALA" } { 1 "ALA" "CALA" }
>>   { 0 "ARG" "NARG" } { 1 "ARG" "CARG" }
>>   { 0 "ASH" "NASH" } { 1 "ASH" "CASH" }
>>   { 0 "ASN" "NASN" } { 1 "ASN" "CASN" }
>>   { 0 "ASP" "NASP" } { 1 "ASP" "CASP" }
>>   { 0 "CYM" "NCYM" } { 1 "CYM" "CCYM" }
>>   { 0 "CYS" "NCYS" } { 1 "CYS" "CCYS" }
>>   { 0 "CYX" "NCYX" } { 1 "CYX" "CCYX" }
>>   { 0 "GLH" "NGLH" } { 1 "GLH" "CGLH" }
>>   { 0 "GLN" "NGLN" } { 1 "GLN" "CGLN" }
>>   { 0 "GLU" "NGLU" } { 1 "GLU" "CGLU" }
>>   { 0 "GLY" "NGLY" } { 1 "GLY" "CGLY" }
>>   { 0 "HID" "NHID" } { 1 "HID" "CHID" }
>>   { 0 "HIE" "NHIE" } { 1 "HIE" "CHIE" }
>>   { 0 "HIP" "NHIP" } { 1 "HIP" "CHIP" }
>>   { 0 "ILE" "NILE" } { 1 "ILE" "CILE" }
>>   { 0 "LEU" "NLEU" } { 1 "LEU" "CLEU" }
>>                      { 1 "LYN" "CLYN" }
>>   { 0 "LYS" "NLYS" } { 1 "LYS" "CLYS" }
>>   { 0 "MET" "NMET" } { 1 "MET" "CMET" }
>>   { 0 "NLE" "NNLE" } { 1 "NLE" "CNLE" }
>>   { 0 "PHE" "NPHE" } { 1 "PHE" "CPHE" }
>>   { 0 "PRO" "NPRO" } { 1 "PRO" "CPRO" }
>>   { 0 "SER" "NSER" } { 1 "SER" "CSER" }
>>   { 0 "THR" "NTHR" } { 1 "THR" "CTHR" }
>>   { 0 "TRP" "NTRP" } { 1 "TRP" "CTRP" }
>>   { 0 "TYR" "NTYR" } { 1 "TYR" "CTYR" }
>>   { 0 "VAL" "NVAL" } { 1 "VAL" "CVAL" }
>>   { 0 "HIS" "NHIS" } { 1 "HIS" "CHIS" }
>> 
>> }
>> 
>> #
>> # assume that most often proteins use HIE
>> #
>> NHIS = NHIE
>> HIS = HIE
>> CHIS = CHIE
> 
> loadoff ../19F_FF15IPQ_V02.lib
Loading library: ../19F_FF15IPQ_V02.lib
Loading: F4F
Loading: FTF
Loading: W4F
Loading: W5F
Loading: W6F
Loading: W7F
Loading: Y3F
Loading: YDF
> loadAmberParams ../19F_FF15IPQ_V00.frcmod
Loading parameters: ../19F_FF15IPQ_V00.frcmod
Reading force field modification type file (frcmod)
Reading title:
FRCMOD Parameters for 8 19F residues: 4F/5F/6F/7F-Trp, 3F-Tyr, Di-F-Tyr, 4F-Phe, Tri-F-Phe
> W4F = sequence { W4F }
Sequence: W4F
> check W4F
Checking 'W4F'....
Checking parameters for unit 'W4F'.
Checking for bond parameters.
Checking for angle parameters.
Unit is OK.
> saveAmberParm W4F W4F_V02.top W4F_V02.crd
Checking Unit.
Building topology.
Building atom parameters.
Building bond parameters.
Building angle parameters.
Building proper torsion parameters.
Building improper torsion parameters.
 ** Warning: No sp2 improper torsion term for  C*-CN-CB-CA
        atoms are: CG CE2 CD2 CE3
 ** Warning: No sp2 improper torsion term for  NA-CA-CN-CB
        atoms are: NE1 CZ2 CE2 CD2
 total 7 improper torsions applied
Building H-Bond parameters.
Incorporating Non-Bonded adjustments.
Not Marking per-residue atom chain types.
Marking per-residue atom chain types.
 (no restraints)
> savepdb W4F W4F_V02.pdb
Writing pdb file: W4F_V02.pdb
> quit
	Quit

Exiting LEaP: Errors = 0; Warnings = 0; Notes = 0.
log started: Tue Apr 27 18:09:52 2021

Log file: ./leap.log
>> #
>> # ----- leaprc for loading the ff15ipq force field, developmental version
>> # ----- NOTE: this is designed for PDB format 3!
>> #       Version 10.3, solvated:
>> #         Charges fit with H sigma=1.3 and SPC/Eb, backbone charges held equal
>> #        
>> #         vdw (LJEDITs removed, H sigma=1.3, ARG side chain TH sigma=1.5)
>> #         torsions generation 6 (0 ff14ipq, ALAPROALA,
>> #                                1 dipeptides,
>> #                                2 XXXGLY & GLYXXX tripeptides,
>> #                                3 XXXPRO & PROXXX tripeptides)
>> #                                4 charged tripeptides)
>> #                                5 more charged tripeptides and termini
>> #                                6 angle peptides and more termini)
>> #         Parm cleaned up extensively
>> #         Torsion phases restored to 0 and 180 degrees
>> #         Backbone CNA, HNA, NAC, ACN, and ACO angles fit
>> #         Additional assorted updates to bonded parameters and types
>> #         The SPC/Eb water model was used to derive partial charges
>> #           for this force field
>> #
>> #	load atom type hybridizations
>> #
>> addAtomTypes {
>> 	{ "H"   "H"  "sp3" }
>> 	{ "HO"  "H"  "sp3" }
>> 	{ "HS"  "H"  "sp3" }
>> 	{ "H1"  "H"  "sp3" }
>> 	{ "H2"  "H"  "sp3" }
>> 	{ "H3"  "H"  "sp3" }
>> 	{ "H4"  "H"  "sp3" }
>> 	{ "H5"  "H"  "sp3" }
>> 	{ "HW"  "H"  "sp3" }
>> 	{ "HC"  "H"  "sp3" }
>> 	{ "HA"  "H"  "sp3" }
>> 	{ "HP"  "H"  "sp3" }
>> 	{ "HZ"  "H"  "sp3" }
>> 	{ "TH"  "H"  "sp3" }
>> 	{ "OH"  "O"  "sp3" }
>> 	{ "OS"  "O"  "sp3" }
>> 	{ "O"   "O"  "sp2" }
>> 	{ "OD"  "O"  "sp2" }
>> 	{ "O2"  "O"  "sp2" }
>> 	{ "O3"  "O"  "sp2" }
>> 	{ "OP"  "O"  "sp2" }
>> 	{ "OW"  "O"  "sp3" }
>> 	{ "OA"  "O"  "sp3" }
>> 	{ "CT"  "C"  "sp3" }
>> 	{ "CX"  "C"  "sp3" }
>> 	{ "TJ"  "C"  "sp3" }
>> 	{ "TG"  "C"  "sp3" }
>> 	{ "TM"  "C"  "sp3" }
>> 	{ "TP"  "C"  "sp3" }
>> 	{ "C8"  "C"  "sp3" }
>> 	{ "2C"  "C"  "sp3" }
>> 	{ "3C"  "C"  "sp3" }
>> 	{ "TA"  "C"  "sp3" }
>> 	{ "CH"  "C"  "sp3" }
>> 	{ "CS"  "C"  "sp2" }
>> 	{ "C"   "C"  "sp2" }
>> 	{ "CO"  "C"  "sp2" }
>> 	{ "C*"  "C"  "sp2" }
>> 	{ "CA"  "C"  "sp2" }
>> 	{ "CB"  "C"  "sp2" }
>> 	{ "CC"  "C"  "sp2" }
>> 	{ "CN"  "C"  "sp2" }
>> 	{ "CM"  "C"  "sp2" }
>> 	{ "CK"  "C"  "sp2" }
>> 	{ "CQ"  "C"  "sp2" }
>> 	{ "CD"  "C"  "sp2" }
>> 	{ "C5"  "C"  "sp2" }
>> 	{ "C4"  "C"  "sp2" }
>> 	{ "CP"  "C"  "sp2" }
>> 	{ "CI"  "C"  "sp3" }
>> 	{ "CJ"  "C"  "sp2" }
>> 	{ "CW"  "C"  "sp2" }
>> 	{ "CV"  "C"  "sp2" }
>> 	{ "CR"  "C"  "sp2" }
>> 	{ "CA"  "C"  "sp2" }
>> 	{ "CY"  "C"  "sp2" }
>> 	{ "C0"  "Ca" "sp3" }
>> 	{ "MG"  "Mg" "sp3" }
>> 	{ "N"   "N"  "sp2" }
>> 	{ "NA"  "N"  "sp2" }
>> 	{ "N2"  "N"  "sp2" }
>> 	{ "N*"  "N"  "sp2" }
>> 	{ "NP"  "N"  "sp2" }
>> 	{ "NQ"  "N"  "sp2" }
>> 	{ "NB"  "N"  "sp2" }
>> 	{ "NC"  "N"  "sp2" }
>> 	{ "TN"  "N"  "sp2" }
>> 	{ "NT"  "N"  "sp3" }
>> 	{ "NY"  "N"  "sp2" }
>> 	{ "N3"  "N"  "sp3" }
>> 	{ "NL"  "N"  "sp3" }
>> 	{ "ND"  "N"  "sp3" }
>> 	{ "S"   "S"  "sp3" }
>> 	{ "SH"  "S"  "sp3" }
>> 	{ "P"   "P"  "sp3" }
>> 	{ "LP"  ""   "sp3" }
>> 	{ "EP"  ""   "sp3" }
>> 	{ "F"   "F"  "sp3" }
>> 	{ "Cl"  "Cl" "sp3" }
>> 	{ "Br"  "Br" "sp3" }
>> 	{ "I"   "I"  "sp3" }
>> }
>> #
>> #	Load the main parameter set.
>> #
>> parm15ipq = loadamberparams parm15ipq_10.3.dat
Loading parameters: /Users/darian/anaconda3/envs/md/dat/leap/parm/parm15ipq_10.3.dat
Reading title:
Parm15 developmental parameter set
(UNKNOWN ATOM TYPE: CZ)
(UNKNOWN ATOM TYPE: CU)
(UNKNOWN ATOM TYPE: FE)
(UNKNOWN ATOM TYPE: Zn)
(UNKNOWN ATOM TYPE: EP)
>> #
>> #	Load main chain and terminating amino acid libraries, nucleic acids
>> #
>> loadOff amino15ipq_10.0.lib
Loading library: /Users/darian/anaconda3/envs/md/dat/leap/lib/amino15ipq_10.0.lib
Loading: ALA
Loading: ARG
Loading: ASH
Loading: ASN
Loading: ASP
Loading: CYM
Loading: CYS
Loading: CYX
Loading: GLH
Loading: GLN
Loading: GLU
Loading: GLY
Loading: HID
Loading: HIE
Loading: HIP
Loading: ILE
Loading: LEU
Loading: LYN
Loading: LYS
Loading: MET
Loading: MTB
Loading: NLE
Loading: PHE
Loading: PRO
Loading: SER
Loading: THR
Loading: TRP
Loading: TYR
Loading: VAL
>> loadOff aminoct15ipq_10.0.lib
Loading library: /Users/darian/anaconda3/envs/md/dat/leap/lib/aminoct15ipq_10.0.lib
Loading: CALA
Loading: CARG
Loading: CASH
Loading: CASN
Loading: CASP
Loading: CCYM
Loading: CCYS
Loading: CCYX
Loading: CGLH
Loading: CGLN
Loading: CGLU
Loading: CGLY
Loading: CHID
Loading: CHIE
Loading: CHIP
Loading: CILE
Loading: CLEU
Loading: CLYN
Loading: CLYS
Loading: CMET
Loading: CNLE
Loading: CPHE
Loading: CPRO
Loading: CSER
Loading: CTHR
Loading: CTRP
Loading: CTYR
Loading: CVAL
Loading: NHE
Loading: NME
>> loadOff aminont15ipq_10.0.lib
Loading library: /Users/darian/anaconda3/envs/md/dat/leap/lib/aminont15ipq_10.0.lib
Loading: ACE
Loading: NALA
Loading: NARG
Loading: NASH
Loading: NASN
Loading: NASP
Loading: NCYM
Loading: NCYS
Loading: NCYX
Loading: NGLH
Loading: NGLN
Loading: NGLU
Loading: NGLY
Loading: NHID
Loading: NHIE
Loading: NHIP
Loading: NILE
Loading: NLEU
Loading: NLYS
Loading: NMET
Loading: NNLE
Loading: NPHE
Loading: NPRO
Loading: NSER
Loading: NTHR
Loading: NTRP
Loading: NTYR
Loading: NVAL
>> 
>> #
>> #	Define the PDB name map for the amino acids 
>> #
>> addPdbResMap {
>>   { 0 "ALA" "NALA" } { 1 "ALA" "CALA" }
>>   { 0 "ARG" "NARG" } { 1 "ARG" "CARG" }
>>   { 0 "ASH" "NASH" } { 1 "ASH" "CASH" }
>>   { 0 "ASN" "NASN" } { 1 "ASN" "CASN" }
>>   { 0 "ASP" "NASP" } { 1 "ASP" "CASP" }
>>   { 0 "CYM" "NCYM" } { 1 "CYM" "CCYM" }
>>   { 0 "CYS" "NCYS" } { 1 "CYS" "CCYS" }
>>   { 0 "CYX" "NCYX" } { 1 "CYX" "CCYX" }
>>   { 0 "GLH" "NGLH" } { 1 "GLH" "CGLH" }
>>   { 0 "GLN" "NGLN" } { 1 "GLN" "CGLN" }
>>   { 0 "GLU" "NGLU" } { 1 "GLU" "CGLU" }
>>   { 0 "GLY" "NGLY" } { 1 "GLY" "CGLY" }
>>   { 0 "HID" "NHID" } { 1 "HID" "CHID" }
>>   { 0 "HIE" "NHIE" } { 1 "HIE" "CHIE" }
>>   { 0 "HIP" "NHIP" } { 1 "HIP" "CHIP" }
>>   { 0 "ILE" "NILE" } { 1 "ILE" "CILE" }
>>   { 0 "LEU" "NLEU" } { 1 "LEU" "CLEU" }
>>                      { 1 "LYN" "CLYN" }
>>   { 0 "LYS" "NLYS" } { 1 "LYS" "CLYS" }
>>   { 0 "MET" "NMET" } { 1 "MET" "CMET" }
>>   { 0 "NLE" "NNLE" } { 1 "NLE" "CNLE" }
>>   { 0 "PHE" "NPHE" } { 1 "PHE" "CPHE" }
>>   { 0 "PRO" "NPRO" } { 1 "PRO" "CPRO" }
>>   { 0 "SER" "NSER" } { 1 "SER" "CSER" }
>>   { 0 "THR" "NTHR" } { 1 "THR" "CTHR" }
>>   { 0 "TRP" "NTRP" } { 1 "TRP" "CTRP" }
>>   { 0 "TYR" "NTYR" } { 1 "TYR" "CTYR" }
>>   { 0 "VAL" "NVAL" } { 1 "VAL" "CVAL" }
>>   { 0 "HIS" "NHIS" } { 1 "HIS" "CHIS" }
>> 
>> }
>> 
>> #
>> # assume that most often proteins use HIE
>> #
>> NHIS = NHIE
>> HIS = HIE
>> CHIS = CHIE
> 
> loadoff ../19F_FF15IPQ_V03.lib
Loading library: ../19F_FF15IPQ_V03.lib
Loading: F4F
Loading: FTF
Loading: W4F
Loading: W5F
Loading: W6F
Loading: W7F
Loading: Y3F
Loading: YDF
> loadAmberParams ../19F_FF15IPQ_V00.frcmod
Loading parameters: ../19F_FF15IPQ_V00.frcmod
Reading force field modification type file (frcmod)
Reading title:
FRCMOD Parameters for 8 19F residues: 4F/5F/6F/7F-Trp, 3F-Tyr, Di-F-Tyr, 4F-Phe, Tri-F-Phe
> W4F = sequence { W4F }
Sequence: W4F
> check W4F
Checking 'W4F'....
Checking parameters for unit 'W4F'.
Checking for bond parameters.
Checking for angle parameters.
Unit is OK.
> saveAmberParm W4F W4F_V03.top W4F_V03.crd
Checking Unit.
Building topology.
Building atom parameters.
Building bond parameters.
Building angle parameters.
Building proper torsion parameters.
Building improper torsion parameters.
 ** Warning: No sp2 improper torsion term for  C*-CN-CB-CA
        atoms are: CG CE2 CD2 CE3
 ** Warning: No sp2 improper torsion term for  NA-CA-CN-CB
        atoms are: NE1 CZ2 CE2 CD2
 total 7 improper torsions applied
Building H-Bond parameters.
Incorporating Non-Bonded adjustments.
Not Marking per-residue atom chain types.
Marking per-residue atom chain types.
 (no restraints)
> savepdb W4F W4F_V03.pdb
Writing pdb file: W4F_V03.pdb
> quit
	Quit

Exiting LEaP: Errors = 0; Warnings = 0; Notes = 0.
log started: Tue Apr 27 19:20:07 2021

Log file: ./leap.log
>> #
>> # ----- leaprc for loading the ff15ipq force field, developmental version
>> # ----- NOTE: this is designed for PDB format 3!
>> #       Version 10.3, solvated:
>> #         Charges fit with H sigma=1.3 and SPC/Eb, backbone charges held equal
>> #        
>> #         vdw (LJEDITs removed, H sigma=1.3, ARG side chain TH sigma=1.5)
>> #         torsions generation 6 (0 ff14ipq, ALAPROALA,
>> #                                1 dipeptides,
>> #                                2 XXXGLY & GLYXXX tripeptides,
>> #                                3 XXXPRO & PROXXX tripeptides)
>> #                                4 charged tripeptides)
>> #                                5 more charged tripeptides and termini
>> #                                6 angle peptides and more termini)
>> #         Parm cleaned up extensively
>> #         Torsion phases restored to 0 and 180 degrees
>> #         Backbone CNA, HNA, NAC, ACN, and ACO angles fit
>> #         Additional assorted updates to bonded parameters and types
>> #         The SPC/Eb water model was used to derive partial charges
>> #           for this force field
>> #
>> #	load atom type hybridizations
>> #
>> addAtomTypes {
>> 	{ "H"   "H"  "sp3" }
>> 	{ "HO"  "H"  "sp3" }
>> 	{ "HS"  "H"  "sp3" }
>> 	{ "H1"  "H"  "sp3" }
>> 	{ "H2"  "H"  "sp3" }
>> 	{ "H3"  "H"  "sp3" }
>> 	{ "H4"  "H"  "sp3" }
>> 	{ "H5"  "H"  "sp3" }
>> 	{ "HW"  "H"  "sp3" }
>> 	{ "HC"  "H"  "sp3" }
>> 	{ "HA"  "H"  "sp3" }
>> 	{ "HP"  "H"  "sp3" }
>> 	{ "HZ"  "H"  "sp3" }
>> 	{ "TH"  "H"  "sp3" }
>> 	{ "OH"  "O"  "sp3" }
>> 	{ "OS"  "O"  "sp3" }
>> 	{ "O"   "O"  "sp2" }
>> 	{ "OD"  "O"  "sp2" }
>> 	{ "O2"  "O"  "sp2" }
>> 	{ "O3"  "O"  "sp2" }
>> 	{ "OP"  "O"  "sp2" }
>> 	{ "OW"  "O"  "sp3" }
>> 	{ "OA"  "O"  "sp3" }
>> 	{ "CT"  "C"  "sp3" }
>> 	{ "CX"  "C"  "sp3" }
>> 	{ "TJ"  "C"  "sp3" }
>> 	{ "TG"  "C"  "sp3" }
>> 	{ "TM"  "C"  "sp3" }
>> 	{ "TP"  "C"  "sp3" }
>> 	{ "C8"  "C"  "sp3" }
>> 	{ "2C"  "C"  "sp3" }
>> 	{ "3C"  "C"  "sp3" }
>> 	{ "TA"  "C"  "sp3" }
>> 	{ "CH"  "C"  "sp3" }
>> 	{ "CS"  "C"  "sp2" }
>> 	{ "C"   "C"  "sp2" }
>> 	{ "CO"  "C"  "sp2" }
>> 	{ "C*"  "C"  "sp2" }
>> 	{ "CA"  "C"  "sp2" }
>> 	{ "CB"  "C"  "sp2" }
>> 	{ "CC"  "C"  "sp2" }
>> 	{ "CN"  "C"  "sp2" }
>> 	{ "CM"  "C"  "sp2" }
>> 	{ "CK"  "C"  "sp2" }
>> 	{ "CQ"  "C"  "sp2" }
>> 	{ "CD"  "C"  "sp2" }
>> 	{ "C5"  "C"  "sp2" }
>> 	{ "C4"  "C"  "sp2" }
>> 	{ "CP"  "C"  "sp2" }
>> 	{ "CI"  "C"  "sp3" }
>> 	{ "CJ"  "C"  "sp2" }
>> 	{ "CW"  "C"  "sp2" }
>> 	{ "CV"  "C"  "sp2" }
>> 	{ "CR"  "C"  "sp2" }
>> 	{ "CA"  "C"  "sp2" }
>> 	{ "CY"  "C"  "sp2" }
>> 	{ "C0"  "Ca" "sp3" }
>> 	{ "MG"  "Mg" "sp3" }
>> 	{ "N"   "N"  "sp2" }
>> 	{ "NA"  "N"  "sp2" }
>> 	{ "N2"  "N"  "sp2" }
>> 	{ "N*"  "N"  "sp2" }
>> 	{ "NP"  "N"  "sp2" }
>> 	{ "NQ"  "N"  "sp2" }
>> 	{ "NB"  "N"  "sp2" }
>> 	{ "NC"  "N"  "sp2" }
>> 	{ "TN"  "N"  "sp2" }
>> 	{ "NT"  "N"  "sp3" }
>> 	{ "NY"  "N"  "sp2" }
>> 	{ "N3"  "N"  "sp3" }
>> 	{ "NL"  "N"  "sp3" }
>> 	{ "ND"  "N"  "sp3" }
>> 	{ "S"   "S"  "sp3" }
>> 	{ "SH"  "S"  "sp3" }
>> 	{ "P"   "P"  "sp3" }
>> 	{ "LP"  ""   "sp3" }
>> 	{ "EP"  ""   "sp3" }
>> 	{ "F"   "F"  "sp3" }
>> 	{ "Cl"  "Cl" "sp3" }
>> 	{ "Br"  "Br" "sp3" }
>> 	{ "I"   "I"  "sp3" }
>> }
>> #
>> #	Load the main parameter set.
>> #
>> parm15ipq = loadamberparams parm15ipq_10.3.dat
Loading parameters: /Users/darian/anaconda3/envs/md/dat/leap/parm/parm15ipq_10.3.dat
Reading title:
Parm15 developmental parameter set
(UNKNOWN ATOM TYPE: CZ)
(UNKNOWN ATOM TYPE: CU)
(UNKNOWN ATOM TYPE: FE)
(UNKNOWN ATOM TYPE: Zn)
(UNKNOWN ATOM TYPE: EP)
>> #
>> #	Load main chain and terminating amino acid libraries, nucleic acids
>> #
>> loadOff amino15ipq_10.0.lib
Loading library: /Users/darian/anaconda3/envs/md/dat/leap/lib/amino15ipq_10.0.lib
Loading: ALA
Loading: ARG
Loading: ASH
Loading: ASN
Loading: ASP
Loading: CYM
Loading: CYS
Loading: CYX
Loading: GLH
Loading: GLN
Loading: GLU
Loading: GLY
Loading: HID
Loading: HIE
Loading: HIP
Loading: ILE
Loading: LEU
Loading: LYN
Loading: LYS
Loading: MET
Loading: MTB
Loading: NLE
Loading: PHE
Loading: PRO
Loading: SER
Loading: THR
Loading: TRP
Loading: TYR
Loading: VAL
>> loadOff aminoct15ipq_10.0.lib
Loading library: /Users/darian/anaconda3/envs/md/dat/leap/lib/aminoct15ipq_10.0.lib
Loading: CALA
Loading: CARG
Loading: CASH
Loading: CASN
Loading: CASP
Loading: CCYM
Loading: CCYS
Loading: CCYX
Loading: CGLH
Loading: CGLN
Loading: CGLU
Loading: CGLY
Loading: CHID
Loading: CHIE
Loading: CHIP
Loading: CILE
Loading: CLEU
Loading: CLYN
Loading: CLYS
Loading: CMET
Loading: CNLE
Loading: CPHE
Loading: CPRO
Loading: CSER
Loading: CTHR
Loading: CTRP
Loading: CTYR
Loading: CVAL
Loading: NHE
Loading: NME
>> loadOff aminont15ipq_10.0.lib
Loading library: /Users/darian/anaconda3/envs/md/dat/leap/lib/aminont15ipq_10.0.lib
Loading: ACE
Loading: NALA
Loading: NARG
Loading: NASH
Loading: NASN
Loading: NASP
Loading: NCYM
Loading: NCYS
Loading: NCYX
Loading: NGLH
Loading: NGLN
Loading: NGLU
Loading: NGLY
Loading: NHID
Loading: NHIE
Loading: NHIP
Loading: NILE
Loading: NLEU
Loading: NLYS
Loading: NMET
Loading: NNLE
Loading: NPHE
Loading: NPRO
Loading: NSER
Loading: NTHR
Loading: NTRP
Loading: NTYR
Loading: NVAL
>> 
>> #
>> #	Define the PDB name map for the amino acids 
>> #
>> addPdbResMap {
>>   { 0 "ALA" "NALA" } { 1 "ALA" "CALA" }
>>   { 0 "ARG" "NARG" } { 1 "ARG" "CARG" }
>>   { 0 "ASH" "NASH" } { 1 "ASH" "CASH" }
>>   { 0 "ASN" "NASN" } { 1 "ASN" "CASN" }
>>   { 0 "ASP" "NASP" } { 1 "ASP" "CASP" }
>>   { 0 "CYM" "NCYM" } { 1 "CYM" "CCYM" }
>>   { 0 "CYS" "NCYS" } { 1 "CYS" "CCYS" }
>>   { 0 "CYX" "NCYX" } { 1 "CYX" "CCYX" }
>>   { 0 "GLH" "NGLH" } { 1 "GLH" "CGLH" }
>>   { 0 "GLN" "NGLN" } { 1 "GLN" "CGLN" }
>>   { 0 "GLU" "NGLU" } { 1 "GLU" "CGLU" }
>>   { 0 "GLY" "NGLY" } { 1 "GLY" "CGLY" }
>>   { 0 "HID" "NHID" } { 1 "HID" "CHID" }
>>   { 0 "HIE" "NHIE" } { 1 "HIE" "CHIE" }
>>   { 0 "HIP" "NHIP" } { 1 "HIP" "CHIP" }
>>   { 0 "ILE" "NILE" } { 1 "ILE" "CILE" }
>>   { 0 "LEU" "NLEU" } { 1 "LEU" "CLEU" }
>>                      { 1 "LYN" "CLYN" }
>>   { 0 "LYS" "NLYS" } { 1 "LYS" "CLYS" }
>>   { 0 "MET" "NMET" } { 1 "MET" "CMET" }
>>   { 0 "NLE" "NNLE" } { 1 "NLE" "CNLE" }
>>   { 0 "PHE" "NPHE" } { 1 "PHE" "CPHE" }
>>   { 0 "PRO" "NPRO" } { 1 "PRO" "CPRO" }
>>   { 0 "SER" "NSER" } { 1 "SER" "CSER" }
>>   { 0 "THR" "NTHR" } { 1 "THR" "CTHR" }
>>   { 0 "TRP" "NTRP" } { 1 "TRP" "CTRP" }
>>   { 0 "TYR" "NTYR" } { 1 "TYR" "CTYR" }
>>   { 0 "VAL" "NVAL" } { 1 "VAL" "CVAL" }
>>   { 0 "HIS" "NHIS" } { 1 "HIS" "CHIS" }
>> 
>> }
>> 
>> #
>> # assume that most often proteins use HIE
>> #
>> NHIS = NHIE
>> HIS = HIE
>> CHIS = CHIE
> 
> TRP = sequence { TRP }
Sequence: TRP
> saveAmberParm TRP TRP.top TRP.crd
Checking Unit.
Building topology.
Building atom parameters.
Building bond parameters.
Building angle parameters.
Building proper torsion parameters.
Building improper torsion parameters.
 ** Warning: No sp2 improper torsion term for  C*-CN-CB-CA
        atoms are: CG CE2 CD2 CE3
 ** Warning: No sp2 improper torsion term for  NA-CA-CN-CB
        atoms are: NE1 CZ2 CE2 CD2
 total 7 improper torsions applied
Building H-Bond parameters.
Incorporating Non-Bonded adjustments.
Not Marking per-residue atom chain types.
Marking per-residue atom chain types.
 (no restraints)
> savepdb TRP TRP.pdb
Writing pdb file: TRP.pdb
> quit
	Quit

Exiting LEaP: Errors = 0; Warnings = 0; Notes = 0.
