
Finished creating W4F tetrapeptide file.

start creation of unrestrained min / equil files

done creation unrestrained min / equil files


start 10000 step unrestrained min


done 10000 unrestrained min


start 20ps unrestrained equil 1 (NVT)


done 20ps unrestrained equil 1 (NVT)


start 1ns unrestrained equil 2 (NPT)


done 1ns unrestrained equil 2 (NPT)

============================================================================
                               JOB STATISTICS                              
============================================================================
      SubmitTime: 2021-06-28T15:02:03
         EndTime: 2021-06-29T15:06:16
         RunTime: 02:00:24
           JobId: 3463771
            TRES: cpu=1,mem=16G,node=1,billing=1
       Partition: smp
        NodeList: smp-n63
         Command: /bgfs/lchong/dty7/19F_ff15ipq/umbrella/IPQ/W4F/W4F_RUN_INIT.slurm
          StdOut: /bgfs/lchong/dty7/19F_ff15ipq/umbrella/IPQ/W4F/slurm_init.out
More information:
    - `sacct -M smp -j 3463771 -S 2021-06-28T15:02:03 -E 2021-06-29T15:06:16`
   Print control:
    - List of all possible fields: `sacct --helpformat`
    - Add `--format=<field1,field2,etc>` with fields of interest
============================================================================
