-I: Adding /ihome/crc/build/amber/amber18_x64/amber18/dat/leap/prep to search path.
-I: Adding /ihome/crc/build/amber/amber18_x64/amber18/dat/leap/lib to search path.
-I: Adding /ihome/crc/build/amber/amber18_x64/amber18/dat/leap/parm to search path.
-I: Adding /ihome/crc/build/amber/amber18_x64/amber18/dat/leap/cmd to search path.
-f: Source tleap.in.

Welcome to LEaP!
(no leaprc in search path)
Sourcing: ./tleap.in
----- Source: /ihome/crc/build/amber/amber18_x64/amber18/dat/leap/cmd/leaprc.protein.ff15ipq
----- Source of /ihome/crc/build/amber/amber18_x64/amber18/dat/leap/cmd/leaprc.protein.ff15ipq done
Log file: ./leap.log
Loading parameters: /ihome/crc/build/amber/amber18_x64/amber18/dat/leap/parm/parm15ipq_10.3.dat
Reading title:
Parm15 developmental parameter set
Loading library: /ihome/crc/build/amber/amber18_x64/amber18/dat/leap/lib/amino15ipq_10.0.lib
Loading library: /ihome/crc/build/amber/amber18_x64/amber18/dat/leap/lib/aminoct15ipq_10.0.lib
Loading library: /ihome/crc/build/amber/amber18_x64/amber18/dat/leap/lib/aminont15ipq_10.0.lib
----- Source: /ihome/crc/build/amber/amber18_x64/amber18/dat/leap/cmd/leaprc.water.spce
----- Source of /ihome/crc/build/amber/amber18_x64/amber18/dat/leap/cmd/leaprc.water.spce done
Loading library: /ihome/crc/build/amber/amber18_x64/amber18/dat/leap/lib/atomic_ions.lib
Loading library: /ihome/crc/build/amber/amber18_x64/amber18/dat/leap/lib/solvents.lib
Loading parameters: /ihome/crc/build/amber/amber18_x64/amber18/dat/leap/parm/frcmod.spce
Reading force field modification type file (frcmod)
Reading title:
This is the additional/replacement parameter set for SPC/E water
Loading parameters: /ihome/crc/build/amber/amber18_x64/amber18/dat/leap/parm/frcmod.ionsjc_spce
Reading force field modification type file (frcmod)
Reading title:
Monovalent ion parameters for Ewald and SPC/E water from Joung & Cheatham JPCB (2008)
Loading parameters: /ihome/crc/build/amber/amber18_x64/amber18/dat/leap/parm/frcmod.ions234lm_126_spce
Reading force field modification type file (frcmod)
Reading title:
Li/Merz ion parameters of divalent to tetravalent ions for SPC/E water model (12-6 normal usage set)
Loading library: ../../19F_FF15IPQ_V03_IPQ_ADJ.lib
Loading parameters: ../../19F_FF15IPQ_FIT_V01.frcmod
Reading force field modification type file (frcmod)
Reading title:
Generated by mdgx executing FIT_V01.in: 4 sigtol, 10 arstcpl
Checking 'W4F'....

/ihome/crc/build/amber/amber18_x64/amber18/bin/teLeap: Warning!
Close contact of 1.128250 angstroms between .R<W4F 3>.A<CD2 22> and .R<ALA 4>.A<H 2>

/ihome/crc/build/amber/amber18_x64/amber18/bin/teLeap: Warning!
Close contact of 1.456017 angstroms between .R<W4F 3>.A<FE3 21> and .R<ALA 4>.A<H 2>

/ihome/crc/build/amber/amber18_x64/amber18/bin/teLeap: Warning!
Close contact of 1.475489 angstroms between .R<W4F 3>.A<FE3 21> and .R<ALA 4>.A<N 1>

/ihome/crc/build/amber/amber18_x64/amber18/bin/teLeap: Warning!
Close contact of 0.873990 angstroms between .R<W4F 3>.A<CE3 20> and .R<ALA 4>.A<H 2>
Checking parameters for unit 'W4F'.
Checking for bond parameters.
Checking for angle parameters.
check:  Warnings: 4
Unit is OK.
Scaling up box by a factor of 1.190092 to meet diagonal cut criterion
  Solute vdw bounding box:              9.935 18.820 7.055
  Total bounding box for atom centers:  42.621 42.621 42.621
      (box expansion for 'iso' is  74.5%)
  Solvent unit box:                     18.774 18.774 18.774
  Volume: 41502.075 A^3 (oct)
  Total mass 20867.618 amu,  Density 0.835 g/cc
  Added 1135 residues.
Checking Unit.
Building topology.
Building atom parameters.
Building bond parameters.
Building angle parameters.
Building proper torsion parameters.
Building improper torsion parameters.
 total 14 improper torsions applied
Building H-Bond parameters.
Incorporating Non-Bonded adjustments.
Not Marking per-residue atom chain types.
Marking per-residue atom chain types.
  (Residues lacking connect0/connect1 - 
   these don't have chain types marked:

	res	total affected

	WAT	1135
  )
 (no restraints)
Writing pdb file: W4F_tet.pdb
   printing CRYST1 record to PDB file with box info
	Quit

Exiting LEaP: Errors = 0; Warnings = 4; Notes = 0.
